<?xml version="1.0" encoding="UTF-8"?>
<!-- Generated by org.testng.reporters.JUnitXMLReporter -->
<testsuite hostname="DESKTOP-0MPBAPB" ignored="0" name="Test(failed)" tests="6" failures="6" timestamp="28 Mar 2020 22:28:40 GMT" time="1.014" errors="0">
  <testcase name="testCR3" time="0.878" classname="docker.ChromeTest3">
    <failure type="org.openqa.selenium.WebDriverException" message="Unable to parse remote response: &amp;lt;html&amp;gt;&amp;lt;head&amp;gt;&amp;lt;script src=&amp;apos;/grid/resources/org/openqa/grid/images/jquery-3.1.1.min.js&amp;apos;&amp;gt;&amp;lt;/script&amp;gt;&amp;lt;script src=&amp;apos;/grid/resources/org/openqa/grid/images/consoleservlet.js&amp;apos;&amp;gt;&amp;lt;/script&amp;gt;&amp;lt;link href=&amp;apos;/grid/resources/org/openqa/grid/images/consoleservlet.css&amp;apos; rel=&amp;apos;stylesheet&amp;apos; type=&amp;apos;text/css&amp;apos; /&amp;gt;&amp;lt;link href=&amp;apos;/grid/resources/org/openqa/grid/images/favicon.ico&amp;apos; rel=&amp;apos;icon&amp;apos; type=&amp;apos;image/x-icon&amp;apos; /&amp;gt;&amp;lt;title&amp;gt;Grid Console&amp;lt;/title&amp;gt;&amp;lt;style&amp;gt;.busy { opacity : 0.4;filter: alpha(opacity=40);}&amp;lt;/style&amp;gt;&amp;lt;/head&amp;gt;&amp;lt;body&amp;gt;&amp;lt;div id=&amp;apos;main-content&amp;apos;&amp;gt;&amp;lt;div id=&amp;apos;header&amp;apos;&amp;gt;&amp;lt;h1&amp;gt;&amp;lt;a href=&amp;apos;/grid/console&amp;apos;&amp;gt;Selenium&amp;lt;/a&amp;gt;&amp;lt;/h1&amp;gt;&amp;lt;h2&amp;gt;Grid Console v.3.11.0&amp;lt;/h2&amp;gt;&amp;lt;div&amp;gt;&amp;lt;a id=&amp;apos;helplink&amp;apos; target=&amp;apos;_blank&amp;apos; href=&amp;apos;https://github.com/SeleniumHQ/selenium/wiki/Grid2&amp;apos;&amp;gt;Help&amp;lt;/a&amp;gt;&amp;lt;/div&amp;gt;&amp;lt;/div&amp;gt;&amp;lt;div id=&amp;apos;left-column&amp;apos;&amp;gt;&amp;lt;div class=&amp;apos;proxy&amp;apos;&amp;gt;&amp;lt;p class=&amp;apos;proxyname&amp;apos;&amp;gt;DefaultRemoteProxy (version : 3.11.0)&amp;lt;p class=&amp;apos;proxyid&amp;apos;&amp;gt;id : http://172.21.0.3:5555, OS : LINUX&amp;lt;/p&amp;gt;&amp;lt;div class=&amp;apos;tabs&amp;apos;&amp;gt;&amp;lt;ul&amp;gt;&amp;lt;li class=&amp;apos;tab&amp;apos; type=&amp;apos;browsers&amp;apos;&amp;gt;&amp;lt;a title=&amp;apos;test slots&amp;apos; href=&amp;apos;#&amp;apos;&amp;gt;Browsers&amp;lt;/a&amp;gt;&amp;lt;/li&amp;gt;&amp;lt;li class=&amp;apos;tab&amp;apos; type=&amp;apos;config&amp;apos;&amp;gt;&amp;lt;a title=&amp;apos;node configuration&amp;apos; href=&amp;apos;#&amp;apos;&amp;gt;Configuration&amp;lt;/a&amp;gt;&amp;lt;/li&amp;gt;&amp;lt;/ul&amp;gt;&amp;lt;/div&amp;gt;&amp;lt;div class=&amp;apos;content&amp;apos;&amp;gt;&amp;lt;div type=&amp;apos;browsers&amp;apos; class=&amp;apos;content_detail&amp;apos;&amp;gt;&amp;lt;p class=&amp;apos;protocol&amp;apos; &amp;gt;WebDriver&amp;lt;/p&amp;gt;&amp;lt;p&amp;gt;v:59.0.1&amp;lt;img src=&amp;apos;/grid/resources/org/openqa/grid/images/firefox.png&amp;apos; width=&amp;apos;16&amp;apos; height=&amp;apos;16&amp;apos; title=&amp;apos;{server:CONFIG_UUID=2b3c3581-1e4d-45bd-aafc-48549f10ac21, seleniumProtocol=WebDriver, browserName=firefox, maxInstances=1, moz:firefoxOptions={log={level=info}}, platformName=LINUX, version=59.0.1, applicationName=, platform=LINUX}&amp;apos; /&amp;gt;
&amp;lt;/p&amp;gt;&amp;lt;/div&amp;gt;&amp;lt;div type=&amp;apos;config&amp;apos; class=&amp;apos;content_detail&amp;apos;&amp;gt;&amp;lt;p&amp;gt;browserTimeout: 0&amp;lt;/p&amp;gt;&amp;lt;p&amp;gt;debug: false&amp;lt;/p&amp;gt;&amp;lt;p&amp;gt;jettyMaxThreads: -1&amp;lt;/p&amp;gt;&amp;lt;p&amp;gt;port: 5555&amp;lt;/p&amp;gt;&amp;lt;p&amp;gt;role: node&amp;lt;/p&amp;gt;&amp;lt;p&amp;gt;timeout: 1800&amp;lt;/p&amp;gt;&amp;lt;p&amp;gt;cleanUpCycle: 5000&amp;lt;/p&amp;gt;&amp;lt;p&amp;gt;host: 172.21.0.3&amp;lt;/p&amp;gt;&amp;lt;p&amp;gt;maxSession: 1&amp;lt;/p&amp;gt;&amp;lt;p&amp;gt;capabilities: Capabilities {applicationName: , browserName: firefox, maxInstances: 1, moz:firefoxOptions: {log: {level: info}}, platform: LINUX, platformName: LINUX, seleniumProtocol: WebDriver, server:CONFIG_UUID: 2b3c3581-1e4d-45bd-aafc-485..., version: 59.0.1}&amp;lt;/p&amp;gt;&amp;lt;p&amp;gt;downPollingLimit: 2&amp;lt;/p&amp;gt;&amp;lt;p&amp;gt;hub: http://hub:4444/grid/register&amp;lt;/p&amp;gt;&amp;lt;p&amp;gt;id: http://172.21.0.3:5555&amp;lt;/p&amp;gt;&amp;lt;p&amp;gt;nodePolling: 5000&amp;lt;/p&amp;gt;&amp;lt;p&amp;gt;nodeStatusCheckTimeout: 5000&amp;lt;/p&amp;gt;&amp;lt;p&amp;gt;proxy: org.openqa.grid.selenium.proxy.DefaultRemoteProxy&amp;lt;/p&amp;gt;&amp;lt;p&amp;gt;register: true&amp;lt;/p&amp;gt;&amp;lt;p&amp;gt;registerCycle: 5000&amp;lt;/p&amp;gt;&amp;lt;p&amp;gt;remoteHost: http://172.21.0.3:5555&amp;lt;/p&amp;gt;&amp;lt;p&amp;gt;unregisterIfStillDownAfter: 60000&amp;lt;/p&amp;gt;&amp;lt;/div&amp;gt;&amp;lt;/div&amp;gt;&amp;lt;/div&amp;gt;&amp;lt;div class=&amp;apos;proxy&amp;apos;&amp;gt;&amp;lt;p class=&amp;apos;proxyname&amp;apos;&amp;gt;DefaultRemoteProxy (version : 3.11.0)&amp;lt;p class=&amp;apos;proxyid&amp;apos;&amp;gt;id : http://172.21.0.4:5555, OS : LINUX&amp;lt;/p&amp;gt;&amp;lt;div class=&amp;apos;tabs&amp;apos;&amp;gt;&amp;lt;ul&amp;gt;&amp;lt;li class=&amp;apos;tab&amp;apos; type=&amp;apos;browsers&amp;apos;&amp;gt;&amp;lt;a title=&amp;apos;test slots&amp;apos; href=&amp;apos;#&amp;apos;&amp;gt;Browsers&amp;lt;/a&amp;gt;&amp;lt;/li&amp;gt;&amp;lt;li class=&amp;apos;tab&amp;apos; type=&amp;apos;config&amp;apos;&amp;gt;&amp;lt;a title=&amp;apos;node configuration&amp;apos; href=&amp;apos;#&amp;apos;&amp;gt;Configuration&amp;lt;/a&amp;gt;&amp;lt;/li&amp;gt;&amp;lt;/ul&amp;gt;&amp;lt;/div&amp;gt;&amp;lt;div class=&amp;apos;content&amp;apos;&amp;gt;&amp;lt;div type=&amp;apos;browsers&amp;apos; class=&amp;apos;content_detail&amp;apos;&amp;gt;&amp;lt;p class=&amp;apos;protocol&amp;apos; &amp;gt;WebDriver&amp;lt;/p&amp;gt;&amp;lt;p&amp;gt;v:65.0.3325.162&amp;lt;img src=&amp;apos;/grid/resources/org/openqa/grid/images/chrome.png&amp;apos; width=&amp;apos;16&amp;apos; height=&amp;apos;16&amp;apos; title=&amp;apos;{server:CONFIG_UUID=ab1c37d6-b082-4804-998e-6638fdf76672, seleniumProtocol=WebDriver, browserName=chrome, maxInstances=1, platformName=LINUX, version=65.0.3325.162, applicationName=, platform=LINUX}&amp;apos; /&amp;gt;
&amp;lt;/p&amp;gt;&amp;lt;/div&amp;gt;&amp;lt;div type=&amp;apos;config&amp;apos; class=&amp;apos;content_detail&amp;apos;&amp;gt;&amp;lt;p&amp;gt;browserTimeout: 0&amp;lt;/p&amp;gt;&amp;lt;p&amp;gt;debug: false&amp;lt;/p&amp;gt;&amp;lt;p&amp;gt;jettyMaxThreads: -1&amp;lt;/p&amp;gt;&amp;lt;p&amp;gt;port: 5555&amp;lt;/p&amp;gt;&amp;lt;p&amp;gt;role: node&amp;lt;/p&amp;gt;&amp;lt;p&amp;gt;timeout: 1800&amp;lt;/p&amp;gt;&amp;lt;p&amp;gt;cleanUpCycle: 5000&amp;lt;/p&amp;gt;&amp;lt;p&amp;gt;host: 172.21.0.4&amp;lt;/p&amp;gt;&amp;lt;p&amp;gt;maxSession: 1&amp;lt;/p&amp;gt;&amp;lt;p&amp;gt;capabilities: Capabilities {applicationName: , browserName: chrome, maxInstances: 1, platform: LINUX, platformName: LINUX, seleniumProtocol: WebDriver, server:CONFIG_UUID: ab1c37d6-b082-4804-998e-663..., version: 65.0.3325.162}&amp;lt;/p&amp;gt;&amp;lt;p&amp;gt;downPollingLimit: 2&amp;lt;/p&amp;gt;&amp;lt;p&amp;gt;hub: http://hub:4444/grid/register&amp;lt;/p&amp;gt;&amp;lt;p&amp;gt;id: http://172.21.0.4:5555&amp;lt;/p&amp;gt;&amp;lt;p&amp;gt;nodePolling: 5000&amp;lt;/p&amp;gt;&amp;lt;p&amp;gt;nodeStatusCheckTimeout: 5000&amp;lt;/p&amp;gt;&amp;lt;p&amp;gt;proxy: org.openqa.grid.selenium.proxy.DefaultRemoteProxy&amp;lt;/p&amp;gt;&amp;lt;p&amp;gt;register: true&amp;lt;/p&amp;gt;&amp;lt;p&amp;gt;registerCycle: 5000&amp;lt;/p&amp;gt;&amp;lt;p&amp;gt;remoteHost: http://172.21.0.4:5555&amp;lt;/p&amp;gt;&amp;lt;p&amp;gt;unregisterIfStillDownAfter: 60000&amp;lt;/p&amp;gt;&amp;lt;/div&amp;gt;&amp;lt;/div&amp;gt;&amp;lt;/div&amp;gt;&amp;lt;div class=&amp;apos;proxy&amp;apos;&amp;gt;&amp;lt;p class=&amp;apos;proxyname&amp;apos;&amp;gt;DefaultRemoteProxy (version : 3.11.0)&amp;lt;p class=&amp;apos;proxyid&amp;apos;&amp;gt;id : http://172.21.0.5:5555, OS : LINUX&amp;lt;/p&amp;gt;&amp;lt;div class=&amp;apos;tabs&amp;apos;&amp;gt;&amp;lt;ul&amp;gt;&amp;lt;li class=&amp;apos;tab&amp;apos; type=&amp;apos;browsers&amp;apos;&amp;gt;&amp;lt;a title=&amp;apos;test slots&amp;apos; href=&amp;apos;#&amp;apos;&amp;gt;Browsers&amp;lt;/a&amp;gt;&amp;lt;/li&amp;gt;&amp;lt;li class=&amp;apos;tab&amp;apos; type=&amp;apos;config&amp;apos;&amp;gt;&amp;lt;a title=&amp;apos;node configuration&amp;apos; href=&amp;apos;#&amp;apos;&amp;gt;Configuration&amp;lt;/a&amp;gt;&amp;lt;/li&amp;gt;&amp;lt;/ul&amp;gt;&amp;lt;/div&amp;gt;&amp;lt;div class=&amp;apos;content&amp;apos;&amp;gt;&amp;lt;div type=&amp;apos;browsers&amp;apos; class=&amp;apos;content_detail&amp;apos;&amp;gt;&amp;lt;p class=&amp;apos;protocol&amp;apos; &amp;gt;WebDriver&amp;lt;/p&amp;gt;&amp;lt;p&amp;gt;v:65.0.3325.162&amp;lt;img src=&amp;apos;/grid/resources/org/openqa/grid/images/chrome.png&amp;apos; width=&amp;apos;16&amp;apos; height=&amp;apos;16&amp;apos; title=&amp;apos;{server:CONFIG_UUID=4fef427b-27f3-468d-8c84-f2f120a5a260, seleniumProtocol=WebDriver, browserName=chrome, maxInstances=1, platformName=LINUX, version=65.0.3325.162, applicationName=, platform=LINUX}&amp;apos; /&amp;gt;
&amp;lt;/p&amp;gt;&amp;lt;/div&amp;gt;&amp;lt;div type=&amp;apos;config&amp;apos; class=&amp;apos;content_detail&amp;apos;&amp;gt;&amp;lt;p&amp;gt;browserTimeout: 0&amp;lt;/p&amp;gt;&amp;lt;p&amp;gt;debug: false&amp;lt;/p&amp;gt;&amp;lt;p&amp;gt;jettyMaxThreads: -1&amp;lt;/p&amp;gt;&amp;lt;p&amp;gt;port: 5555&amp;lt;/p&amp;gt;&amp;lt;p&amp;gt;role: node&amp;lt;/p&amp;gt;&amp;lt;p&amp;gt;timeout: 1800&amp;lt;/p&amp;gt;&amp;lt;p&amp;gt;cleanUpCycle: 5000&amp;lt;/p&amp;gt;&amp;lt;p&amp;gt;host: 172.21.0.5&amp;lt;/p&amp;gt;&amp;lt;p&amp;gt;maxSession: 1&amp;lt;/p&amp;gt;&amp;lt;p&amp;gt;capabilities: Capabilities {applicationName: , browserName: chrome, maxInstances: 1, platform: LINUX, platformName: LINUX, seleniumProtocol: WebDriver, server:CONFIG_UUID: 4fef427b-27f3-468d-8c84-f2f..., version: 65.0.3325.162}&amp;lt;/p&amp;gt;&amp;lt;p&amp;gt;downPollingLimit: 2&amp;lt;/p&amp;gt;&amp;lt;p&amp;gt;hub: http://hub:4444/grid/register&amp;lt;/p&amp;gt;&amp;lt;p&amp;gt;id: http://172.21.0.5:5555&amp;lt;/p&amp;gt;&amp;lt;p&amp;gt;nodePolling: 5000&amp;lt;/p&amp;gt;&amp;lt;p&amp;gt;nodeStatusCheckTimeout: 5000&amp;lt;/p&amp;gt;&amp;lt;p&amp;gt;proxy: org.openqa.grid.selenium.proxy.DefaultRemoteProxy&amp;lt;/p&amp;gt;&amp;lt;p&amp;gt;register: true&amp;lt;/p&amp;gt;&amp;lt;p&amp;gt;registerCycle: 5000&amp;lt;/p&amp;gt;&amp;lt;p&amp;gt;remoteHost: http://172.21.0.5:5555&amp;lt;/p&amp;gt;&amp;lt;p&amp;gt;unregisterIfStillDownAfter: 60000&amp;lt;/p&amp;gt;&amp;lt;/div&amp;gt;&amp;lt;/div&amp;gt;&amp;lt;/div&amp;gt;&amp;lt;/div&amp;gt;&amp;lt;div id=&amp;apos;right-column&amp;apos;&amp;gt;&amp;lt;div class=&amp;apos;proxy&amp;apos;&amp;gt;&amp;lt;p class=&amp;apos;proxyname&amp;apos;&amp;gt;DefaultRemoteProxy (version : 3.11.0)&amp;lt;p class=&amp;apos;proxyid&amp;apos;&amp;gt;id : http://172.21.0.6:5555, OS : LINUX&amp;lt;/p&amp;gt;&amp;lt;div class=&amp;apos;tabs&amp;apos;&amp;gt;&amp;lt;ul&amp;gt;&amp;lt;li class=&amp;apos;tab&amp;apos; type=&amp;apos;browsers&amp;apos;&amp;gt;&amp;lt;a title=&amp;apos;test slots&amp;apos; href=&amp;apos;#&amp;apos;&amp;gt;Browsers&amp;lt;/a&amp;gt;&amp;lt;/li&amp;gt;&amp;lt;li class=&amp;apos;tab&amp;apos; type=&amp;apos;config&amp;apos;&amp;gt;&amp;lt;a title=&amp;apos;node configuration&amp;apos; href=&amp;apos;#&amp;apos;&amp;gt;Configuration&amp;lt;/a&amp;gt;&amp;lt;/li&amp;gt;&amp;lt;/ul&amp;gt;&amp;lt;/div&amp;gt;&amp;lt;div class=&amp;apos;content&amp;apos;&amp;gt;&amp;lt;div type=&amp;apos;browsers&amp;apos; class=&amp;apos;content_detail&amp;apos;&amp;gt;&amp;lt;p class=&amp;apos;protocol&amp;apos; &amp;gt;WebDriver&amp;lt;/p&amp;gt;&amp;lt;p&amp;gt;v:65.0.3325.162&amp;lt;img src=&amp;apos;/grid/resources/org/openqa/grid/images/chrome.png&amp;apos; width=&amp;apos;16&amp;apos; height=&amp;apos;16&amp;apos; title=&amp;apos;{server:CONFIG_UUID=f05d5422-363d-4c49-8c39-d76e7c601b54, seleniumProtocol=WebDriver, browserName=chrome, maxInstances=1, platformName=LINUX, version=65.0.3325.162, applicationName=, platform=LINUX}&amp;apos; /&amp;gt;
&amp;lt;/p&amp;gt;&amp;lt;/div&amp;gt;&amp;lt;div type=&amp;apos;config&amp;apos; class=&amp;apos;content_detail&amp;apos;&amp;gt;&amp;lt;p&amp;gt;browserTimeout: 0&amp;lt;/p&amp;gt;&amp;lt;p&amp;gt;debug: false&amp;lt;/p&amp;gt;&amp;lt;p&amp;gt;jettyMaxThreads: -1&amp;lt;/p&amp;gt;&amp;lt;p&amp;gt;port: 5555&amp;lt;/p&amp;gt;&amp;lt;p&amp;gt;role: node&amp;lt;/p&amp;gt;&amp;lt;p&amp;gt;timeout: 1800&amp;lt;/p&amp;gt;&amp;lt;p&amp;gt;cleanUpCycle: 5000&amp;lt;/p&amp;gt;&amp;lt;p&amp;gt;host: 172.21.0.6&amp;lt;/p&amp;gt;&amp;lt;p&amp;gt;maxSession: 1&amp;lt;/p&amp;gt;&amp;lt;p&amp;gt;capabilities: Capabilities {applicationName: , browserName: chrome, maxInstances: 1, platform: LINUX, platformName: LINUX, seleniumProtocol: WebDriver, server:CONFIG_UUID: f05d5422-363d-4c49-8c39-d76..., version: 65.0.3325.162}&amp;lt;/p&amp;gt;&amp;lt;p&amp;gt;downPollingLimit: 2&amp;lt;/p&amp;gt;&amp;lt;p&amp;gt;hub: http://hub:4444/grid/register&amp;lt;/p&amp;gt;&amp;lt;p&amp;gt;id: http://172.21.0.6:5555&amp;lt;/p&amp;gt;&amp;lt;p&amp;gt;nodePolling: 5000&amp;lt;/p&amp;gt;&amp;lt;p&amp;gt;nodeStatusCheckTimeout: 5000&amp;lt;/p&amp;gt;&amp;lt;p&amp;gt;proxy: org.openqa.grid.selenium.proxy.DefaultRemoteProxy&amp;lt;/p&amp;gt;&amp;lt;p&amp;gt;register: true&amp;lt;/p&amp;gt;&amp;lt;p&amp;gt;registerCycle: 5000&amp;lt;/p&amp;gt;&amp;lt;p&amp;gt;remoteHost: http://172.21.0.6:5555&amp;lt;/p&amp;gt;&amp;lt;p&amp;gt;unregisterIfStillDownAfter: 60000&amp;lt;/p&amp;gt;&amp;lt;/div&amp;gt;&amp;lt;/div&amp;gt;&amp;lt;/div&amp;gt;&amp;lt;div class=&amp;apos;proxy&amp;apos;&amp;gt;&amp;lt;p class=&amp;apos;proxyname&amp;apos;&amp;gt;DefaultRemoteProxy (version : 3.11.0)&amp;lt;p class=&amp;apos;proxyid&amp;apos;&amp;gt;id : http://172.21.0.7:5555, OS : LINUX&amp;lt;/p&amp;gt;&amp;lt;div class=&amp;apos;tabs&amp;apos;&amp;gt;&amp;lt;ul&amp;gt;&amp;lt;li class=&amp;apos;tab&amp;apos; type=&amp;apos;browsers&amp;apos;&amp;gt;&amp;lt;a title=&amp;apos;test slots&amp;apos; href=&amp;apos;#&amp;apos;&amp;gt;Browsers&amp;lt;/a&amp;gt;&amp;lt;/li&amp;gt;&amp;lt;li class=&amp;apos;tab&amp;apos; type=&amp;apos;config&amp;apos;&amp;gt;&amp;lt;a title=&amp;apos;node configuration&amp;apos; href=&amp;apos;#&amp;apos;&amp;gt;Configuration&amp;lt;/a&amp;gt;&amp;lt;/li&amp;gt;&amp;lt;/ul&amp;gt;&amp;lt;/div&amp;gt;&amp;lt;div class=&amp;apos;content&amp;apos;&amp;gt;&amp;lt;div type=&amp;apos;browsers&amp;apos; class=&amp;apos;content_detail&amp;apos;&amp;gt;&amp;lt;p class=&amp;apos;protocol&amp;apos; &amp;gt;WebDriver&amp;lt;/p&amp;gt;&amp;lt;p&amp;gt;v:59.0.1&amp;lt;img src=&amp;apos;/grid/resources/org/openqa/grid/images/firefox.png&amp;apos; width=&amp;apos;16&amp;apos; height=&amp;apos;16&amp;apos; title=&amp;apos;{server:CONFIG_UUID=df58f406-0e66-41a6-837e-8e8fc3e4a376, seleniumProtocol=WebDriver, browserName=firefox, maxInstances=1, moz:firefoxOptions={log={level=info}}, platformName=LINUX, version=59.0.1, applicationName=, platform=LINUX}&amp;apos; /&amp;gt;
&amp;lt;/p&amp;gt;&amp;lt;/div&amp;gt;&amp;lt;div type=&amp;apos;config&amp;apos; class=&amp;apos;content_detail&amp;apos;&amp;gt;&amp;lt;p&amp;gt;browserTimeout: 0&amp;lt;/p&amp;gt;&amp;lt;p&amp;gt;debug: false&amp;lt;/p&amp;gt;&amp;lt;p&amp;gt;jettyMaxThreads: -1&amp;lt;/p&amp;gt;&amp;lt;p&amp;gt;port: 5555&amp;lt;/p&amp;gt;&amp;lt;p&amp;gt;role: node&amp;lt;/p&amp;gt;&amp;lt;p&amp;gt;timeout: 1800&amp;lt;/p&amp;gt;&amp;lt;p&amp;gt;cleanUpCycle: 5000&amp;lt;/p&amp;gt;&amp;lt;p&amp;gt;host: 172.21.0.7&amp;lt;/p&amp;gt;&amp;lt;p&amp;gt;maxSession: 1&amp;lt;/p&amp;gt;&amp;lt;p&amp;gt;capabilities: Capabilities {applicationName: , browserName: firefox, maxInstances: 1, moz:firefoxOptions: {log: {level: info}}, platform: LINUX, platformName: LINUX, seleniumProtocol: WebDriver, server:CONFIG_UUID: df58f406-0e66-41a6-837e-8e8..., version: 59.0.1}&amp;lt;/p&amp;gt;&amp;lt;p&amp;gt;downPollingLimit: 2&amp;lt;/p&amp;gt;&amp;lt;p&amp;gt;hub: http://hub:4444/grid/register&amp;lt;/p&amp;gt;&amp;lt;p&amp;gt;id: http://172.21.0.7:5555&amp;lt;/p&amp;gt;&amp;lt;p&amp;gt;nodePolling: 5000&amp;lt;/p&amp;gt;&amp;lt;p&amp;gt;nodeStatusCheckTimeout: 5000&amp;lt;/p&amp;gt;&amp;lt;p&amp;gt;proxy: org.openqa.grid.selenium.proxy.DefaultRemoteProxy&amp;lt;/p&amp;gt;&amp;lt;p&amp;gt;register: true&amp;lt;/p&amp;gt;&amp;lt;p&amp;gt;registerCycle: 5000&amp;lt;/p&amp;gt;&amp;lt;p&amp;gt;remoteHost: http://172.21.0.7:5555&amp;lt;/p&amp;gt;&amp;lt;p&amp;gt;unregisterIfStillDownAfter: 60000&amp;lt;/p&amp;gt;&amp;lt;/div&amp;gt;&amp;lt;/div&amp;gt;&amp;lt;/div&amp;gt;&amp;lt;div class=&amp;apos;proxy&amp;apos;&amp;gt;&amp;lt;p class=&amp;apos;proxyname&amp;apos;&amp;gt;DefaultRemoteProxy (version : 3.11.0)&amp;lt;p class=&amp;apos;proxyid&amp;apos;&amp;gt;id : http://172.21.0.8:5555, OS : LINUX&amp;lt;/p&amp;gt;&amp;lt;div class=&amp;apos;tabs&amp;apos;&amp;gt;&amp;lt;ul&amp;gt;&amp;lt;li class=&amp;apos;tab&amp;apos; type=&amp;apos;browsers&amp;apos;&amp;gt;&amp;lt;a title=&amp;apos;test slots&amp;apos; href=&amp;apos;#&amp;apos;&amp;gt;Browsers&amp;lt;/a&amp;gt;&amp;lt;/li&amp;gt;&amp;lt;li class=&amp;apos;tab&amp;apos; type=&amp;apos;config&amp;apos;&amp;gt;&amp;lt;a title=&amp;apos;node configuration&amp;apos; href=&amp;apos;#&amp;apos;&amp;gt;Configuration&amp;lt;/a&amp;gt;&amp;lt;/li&amp;gt;&amp;lt;/ul&amp;gt;&amp;lt;/div&amp;gt;&amp;lt;div class=&amp;apos;content&amp;apos;&amp;gt;&amp;lt;div type=&amp;apos;browsers&amp;apos; class=&amp;apos;content_detail&amp;apos;&amp;gt;&amp;lt;p class=&amp;apos;protocol&amp;apos; &amp;gt;WebDriver&amp;lt;/p&amp;gt;&amp;lt;p&amp;gt;v:59.0.1&amp;lt;img src=&amp;apos;/grid/resources/org/openqa/grid/images/firefox.png&amp;apos; width=&amp;apos;16&amp;apos; height=&amp;apos;16&amp;apos; title=&amp;apos;{server:CONFIG_UUID=a0e08d78-2490-4e88-ac30-038567f9c485, seleniumProtocol=WebDriver, browserName=firefox, maxInstances=1, moz:firefoxOptions={log={level=info}}, platformName=LINUX, version=59.0.1, applicationName=, platform=LINUX}&amp;apos; /&amp;gt;
&amp;lt;/p&amp;gt;&amp;lt;/div&amp;gt;&amp;lt;div type=&amp;apos;config&amp;apos; class=&amp;apos;content_detail&amp;apos;&amp;gt;&amp;lt;p&amp;gt;browserTimeout: 0&amp;lt;/p&amp;gt;&amp;lt;p&amp;gt;debug: false&amp;lt;/p&amp;gt;&amp;lt;p&amp;gt;jettyMaxThreads: -1&amp;lt;/p&amp;gt;&amp;lt;p&amp;gt;port: 5555&amp;lt;/p&amp;gt;&amp;lt;p&amp;gt;role: node&amp;lt;/p&amp;gt;&amp;lt;p&amp;gt;timeout: 1800&amp;lt;/p&amp;gt;&amp;lt;p&amp;gt;cleanUpCycle: 5000&amp;lt;/p&amp;gt;&amp;lt;p&amp;gt;host: 172.21.0.8&amp;lt;/p&amp;gt;&amp;lt;p&amp;gt;maxSession: 1&amp;lt;/p&amp;gt;&amp;lt;p&amp;gt;capabilities: Capabilities {applicationName: , browserName: firefox, maxInstances: 1, moz:firefoxOptions: {log: {level: info}}, platform: LINUX, platformName: LINUX, seleniumProtocol: WebDriver, server:CONFIG_UUID: a0e08d78-2490-4e88-ac30-038..., version: 59.0.1}&amp;lt;/p&amp;gt;&amp;lt;p&amp;gt;downPollingLimit: 2&amp;lt;/p&amp;gt;&amp;lt;p&amp;gt;hub: http://hub:4444/grid/register&amp;lt;/p&amp;gt;&amp;lt;p&amp;gt;id: http://172.21.0.8:5555&amp;lt;/p&amp;gt;&amp;lt;p&amp;gt;nodePolling: 5000&amp;lt;/p&amp;gt;&amp;lt;p&amp;gt;nodeStatusCheckTimeout: 5000&amp;lt;/p&amp;gt;&amp;lt;p&amp;gt;proxy: org.openqa.grid.selenium.proxy.DefaultRemoteProxy&amp;lt;/p&amp;gt;&amp;lt;p&amp;gt;register: true&amp;lt;/p&amp;gt;&amp;lt;p&amp;gt;registerCycle: 5000&amp;lt;/p&amp;gt;&amp;lt;p&amp;gt;remoteHost: http://172.21.0.8:5555&amp;lt;/p&amp;gt;&amp;lt;p&amp;gt;unregisterIfStillDownAfter: 60000&amp;lt;/p&amp;gt;&amp;lt;/div&amp;gt;&amp;lt;/div&amp;gt;&amp;lt;/div&amp;gt;&amp;lt;/div&amp;gt;&amp;lt;div class=&amp;apos;clearfix&amp;apos;&amp;gt;&amp;lt;/div&amp;gt;&amp;lt;div&amp;gt;&amp;lt;ul&amp;gt;&amp;lt;/ul&amp;gt;&amp;lt;/div&amp;gt;&amp;lt;a href=&amp;apos;?config=true&amp;amp;configDebug=true&amp;apos;&amp;gt;view config&amp;lt;/a&amp;gt;&amp;lt;/div&amp;gt;&amp;lt;/body&amp;gt;&amp;lt;/html&amp;gt;">
      <![CDATA[org.openqa.selenium.WebDriverException: Unable to parse remote response: <html><head><script src='/grid/resources/org/openqa/grid/images/jquery-3.1.1.min.js'></script><script src='/grid/resources/org/openqa/grid/images/consoleservlet.js'></script><link href='/grid/resources/org/openqa/grid/images/consoleservlet.css' rel='stylesheet' type='text/css' /><link href='/grid/resources/org/openqa/grid/images/favicon.ico' rel='icon' type='image/x-icon' /><title>Grid Console</title><style>.busy { opacity : 0.4;filter: alpha(opacity=40);}</style></head><body><div id='main-content'><div id='header'><h1><a href='/grid/console'>Selenium</a></h1><h2>Grid Console v.3.11.0</h2><div><a id='helplink' target='_blank' href='https://github.com/SeleniumHQ/selenium/wiki/Grid2'>Help</a></div></div><div id='left-column'><div class='proxy'><p class='proxyname'>DefaultRemoteProxy (version : 3.11.0)<p class='proxyid'>id : http://172.21.0.3:5555, OS : LINUX</p><div class='tabs'><ul><li class='tab' type='browsers'><a title='test slots' href='#'>Browsers</a></li><li class='tab' type='config'><a title='node configuration' href='#'>Configuration</a></li></ul></div><div class='content'><div type='browsers' class='content_detail'><p class='protocol' >WebDriver</p><p>v:59.0.1<img src='/grid/resources/org/openqa/grid/images/firefox.png' width='16' height='16' title='{server:CONFIG_UUID=2b3c3581-1e4d-45bd-aafc-48549f10ac21, seleniumProtocol=WebDriver, browserName=firefox, maxInstances=1, moz:firefoxOptions={log={level=info}}, platformName=LINUX, version=59.0.1, applicationName=, platform=LINUX}' />
</p></div><div type='config' class='content_detail'><p>browserTimeout: 0</p><p>debug: false</p><p>jettyMaxThreads: -1</p><p>port: 5555</p><p>role: node</p><p>timeout: 1800</p><p>cleanUpCycle: 5000</p><p>host: 172.21.0.3</p><p>maxSession: 1</p><p>capabilities: Capabilities {applicationName: , browserName: firefox, maxInstances: 1, moz:firefoxOptions: {log: {level: info}}, platform: LINUX, platformName: LINUX, seleniumProtocol: WebDriver, server:CONFIG_UUID: 2b3c3581-1e4d-45bd-aafc-485..., version: 59.0.1}</p><p>downPollingLimit: 2</p><p>hub: http://hub:4444/grid/register</p><p>id: http://172.21.0.3:5555</p><p>nodePolling: 5000</p><p>nodeStatusCheckTimeout: 5000</p><p>proxy: org.openqa.grid.selenium.proxy.DefaultRemoteProxy</p><p>register: true</p><p>registerCycle: 5000</p><p>remoteHost: http://172.21.0.3:5555</p><p>unregisterIfStillDownAfter: 60000</p></div></div></div><div class='proxy'><p class='proxyname'>DefaultRemoteProxy (version : 3.11.0)<p class='proxyid'>id : http://172.21.0.4:5555, OS : LINUX</p><div class='tabs'><ul><li class='tab' type='browsers'><a title='test slots' href='#'>Browsers</a></li><li class='tab' type='config'><a title='node configuration' href='#'>Configuration</a></li></ul></div><div class='content'><div type='browsers' class='content_detail'><p class='protocol' >WebDriver</p><p>v:65.0.3325.162<img src='/grid/resources/org/openqa/grid/images/chrome.png' width='16' height='16' title='{server:CONFIG_UUID=ab1c37d6-b082-4804-998e-6638fdf76672, seleniumProtocol=WebDriver, browserName=chrome, maxInstances=1, platformName=LINUX, version=65.0.3325.162, applicationName=, platform=LINUX}' />
</p></div><div type='config' class='content_detail'><p>browserTimeout: 0</p><p>debug: false</p><p>jettyMaxThreads: -1</p><p>port: 5555</p><p>role: node</p><p>timeout: 1800</p><p>cleanUpCycle: 5000</p><p>host: 172.21.0.4</p><p>maxSession: 1</p><p>capabilities: Capabilities {applicationName: , browserName: chrome, maxInstances: 1, platform: LINUX, platformName: LINUX, seleniumProtocol: WebDriver, server:CONFIG_UUID: ab1c37d6-b082-4804-998e-663..., version: 65.0.3325.162}</p><p>downPollingLimit: 2</p><p>hub: http://hub:4444/grid/register</p><p>id: http://172.21.0.4:5555</p><p>nodePolling: 5000</p><p>nodeStatusCheckTimeout: 5000</p><p>proxy: org.openqa.grid.selenium.proxy.DefaultRemoteProxy</p><p>register: true</p><p>registerCycle: 5000</p><p>remoteHost: http://172.21.0.4:5555</p><p>unregisterIfStillDownAfter: 60000</p></div></div></div><div class='proxy'><p class='proxyname'>DefaultRemoteProxy (version : 3.11.0)<p class='proxyid'>id : http://172.21.0.5:5555, OS : LINUX</p><div class='tabs'><ul><li class='tab' type='browsers'><a title='test slots' href='#'>Browsers</a></li><li class='tab' type='config'><a title='node configuration' href='#'>Configuration</a></li></ul></div><div class='content'><div type='browsers' class='content_detail'><p class='protocol' >WebDriver</p><p>v:65.0.3325.162<img src='/grid/resources/org/openqa/grid/images/chrome.png' width='16' height='16' title='{server:CONFIG_UUID=4fef427b-27f3-468d-8c84-f2f120a5a260, seleniumProtocol=WebDriver, browserName=chrome, maxInstances=1, platformName=LINUX, version=65.0.3325.162, applicationName=, platform=LINUX}' />
</p></div><div type='config' class='content_detail'><p>browserTimeout: 0</p><p>debug: false</p><p>jettyMaxThreads: -1</p><p>port: 5555</p><p>role: node</p><p>timeout: 1800</p><p>cleanUpCycle: 5000</p><p>host: 172.21.0.5</p><p>maxSession: 1</p><p>capabilities: Capabilities {applicationName: , browserName: chrome, maxInstances: 1, platform: LINUX, platformName: LINUX, seleniumProtocol: WebDriver, server:CONFIG_UUID: 4fef427b-27f3-468d-8c84-f2f..., version: 65.0.3325.162}</p><p>downPollingLimit: 2</p><p>hub: http://hub:4444/grid/register</p><p>id: http://172.21.0.5:5555</p><p>nodePolling: 5000</p><p>nodeStatusCheckTimeout: 5000</p><p>proxy: org.openqa.grid.selenium.proxy.DefaultRemoteProxy</p><p>register: true</p><p>registerCycle: 5000</p><p>remoteHost: http://172.21.0.5:5555</p><p>unregisterIfStillDownAfter: 60000</p></div></div></div></div><div id='right-column'><div class='proxy'><p class='proxyname'>DefaultRemoteProxy (version : 3.11.0)<p class='proxyid'>id : http://172.21.0.6:5555, OS : LINUX</p><div class='tabs'><ul><li class='tab' type='browsers'><a title='test slots' href='#'>Browsers</a></li><li class='tab' type='config'><a title='node configuration' href='#'>Configuration</a></li></ul></div><div class='content'><div type='browsers' class='content_detail'><p class='protocol' >WebDriver</p><p>v:65.0.3325.162<img src='/grid/resources/org/openqa/grid/images/chrome.png' width='16' height='16' title='{server:CONFIG_UUID=f05d5422-363d-4c49-8c39-d76e7c601b54, seleniumProtocol=WebDriver, browserName=chrome, maxInstances=1, platformName=LINUX, version=65.0.3325.162, applicationName=, platform=LINUX}' />
</p></div><div type='config' class='content_detail'><p>browserTimeout: 0</p><p>debug: false</p><p>jettyMaxThreads: -1</p><p>port: 5555</p><p>role: node</p><p>timeout: 1800</p><p>cleanUpCycle: 5000</p><p>host: 172.21.0.6</p><p>maxSession: 1</p><p>capabilities: Capabilities {applicationName: , browserName: chrome, maxInstances: 1, platform: LINUX, platformName: LINUX, seleniumProtocol: WebDriver, server:CONFIG_UUID: f05d5422-363d-4c49-8c39-d76..., version: 65.0.3325.162}</p><p>downPollingLimit: 2</p><p>hub: http://hub:4444/grid/register</p><p>id: http://172.21.0.6:5555</p><p>nodePolling: 5000</p><p>nodeStatusCheckTimeout: 5000</p><p>proxy: org.openqa.grid.selenium.proxy.DefaultRemoteProxy</p><p>register: true</p><p>registerCycle: 5000</p><p>remoteHost: http://172.21.0.6:5555</p><p>unregisterIfStillDownAfter: 60000</p></div></div></div><div class='proxy'><p class='proxyname'>DefaultRemoteProxy (version : 3.11.0)<p class='proxyid'>id : http://172.21.0.7:5555, OS : LINUX</p><div class='tabs'><ul><li class='tab' type='browsers'><a title='test slots' href='#'>Browsers</a></li><li class='tab' type='config'><a title='node configuration' href='#'>Configuration</a></li></ul></div><div class='content'><div type='browsers' class='content_detail'><p class='protocol' >WebDriver</p><p>v:59.0.1<img src='/grid/resources/org/openqa/grid/images/firefox.png' width='16' height='16' title='{server:CONFIG_UUID=df58f406-0e66-41a6-837e-8e8fc3e4a376, seleniumProtocol=WebDriver, browserName=firefox, maxInstances=1, moz:firefoxOptions={log={level=info}}, platformName=LINUX, version=59.0.1, applicationName=, platform=LINUX}' />
</p></div><div type='config' class='content_detail'><p>browserTimeout: 0</p><p>debug: false</p><p>jettyMaxThreads: -1</p><p>port: 5555</p><p>role: node</p><p>timeout: 1800</p><p>cleanUpCycle: 5000</p><p>host: 172.21.0.7</p><p>maxSession: 1</p><p>capabilities: Capabilities {applicationName: , browserName: firefox, maxInstances: 1, moz:firefoxOptions: {log: {level: info}}, platform: LINUX, platformName: LINUX, seleniumProtocol: WebDriver, server:CONFIG_UUID: df58f406-0e66-41a6-837e-8e8..., version: 59.0.1}</p><p>downPollingLimit: 2</p><p>hub: http://hub:4444/grid/register</p><p>id: http://172.21.0.7:5555</p><p>nodePolling: 5000</p><p>nodeStatusCheckTimeout: 5000</p><p>proxy: org.openqa.grid.selenium.proxy.DefaultRemoteProxy</p><p>register: true</p><p>registerCycle: 5000</p><p>remoteHost: http://172.21.0.7:5555</p><p>unregisterIfStillDownAfter: 60000</p></div></div></div><div class='proxy'><p class='proxyname'>DefaultRemoteProxy (version : 3.11.0)<p class='proxyid'>id : http://172.21.0.8:5555, OS : LINUX</p><div class='tabs'><ul><li class='tab' type='browsers'><a title='test slots' href='#'>Browsers</a></li><li class='tab' type='config'><a title='node configuration' href='#'>Configuration</a></li></ul></div><div class='content'><div type='browsers' class='content_detail'><p class='protocol' >WebDriver</p><p>v:59.0.1<img src='/grid/resources/org/openqa/grid/images/firefox.png' width='16' height='16' title='{server:CONFIG_UUID=a0e08d78-2490-4e88-ac30-038567f9c485, seleniumProtocol=WebDriver, browserName=firefox, maxInstances=1, moz:firefoxOptions={log={level=info}}, platformName=LINUX, version=59.0.1, applicationName=, platform=LINUX}' />
</p></div><div type='config' class='content_detail'><p>browserTimeout: 0</p><p>debug: false</p><p>jettyMaxThreads: -1</p><p>port: 5555</p><p>role: node</p><p>timeout: 1800</p><p>cleanUpCycle: 5000</p><p>host: 172.21.0.8</p><p>maxSession: 1</p><p>capabilities: Capabilities {applicationName: , browserName: firefox, maxInstances: 1, moz:firefoxOptions: {log: {level: info}}, platform: LINUX, platformName: LINUX, seleniumProtocol: WebDriver, server:CONFIG_UUID: a0e08d78-2490-4e88-ac30-038..., version: 59.0.1}</p><p>downPollingLimit: 2</p><p>hub: http://hub:4444/grid/register</p><p>id: http://172.21.0.8:5555</p><p>nodePolling: 5000</p><p>nodeStatusCheckTimeout: 5000</p><p>proxy: org.openqa.grid.selenium.proxy.DefaultRemoteProxy</p><p>register: true</p><p>registerCycle: 5000</p><p>remoteHost: http://172.21.0.8:5555</p><p>unregisterIfStillDownAfter: 60000</p></div></div></div></div><div class='clearfix'></div><div><ul></ul></div><a href='?config=true&configDebug=true'>view config</a></div></body></html>
	at org.openqa.selenium.remote.ProtocolHandshake.createSession(ProtocolHandshake.java:115)
	at org.openqa.selenium.remote.ProtocolHandshake.createSession(ProtocolHandshake.java:74)
	at org.openqa.selenium.remote.HttpCommandExecutor.execute(HttpCommandExecutor.java:136)
	at org.openqa.selenium.remote.RemoteWebDriver.execute(RemoteWebDriver.java:552)
	at org.openqa.selenium.remote.RemoteWebDriver.startSession(RemoteWebDriver.java:213)
	at org.openqa.selenium.remote.RemoteWebDriver.<init>(RemoteWebDriver.java:131)
	at org.openqa.selenium.remote.RemoteWebDriver.<init>(RemoteWebDriver.java:144)
	at docker.ChromeTest3.testCR3(ChromeTest3.java:16)
	at java.util.concurrent.ThreadPoolExecutor.runWorker(ThreadPoolExecutor.java:1149)
	at java.util.concurrent.ThreadPoolExecutor$Worker.run(ThreadPoolExecutor.java:624)
	at java.lang.Thread.run(Thread.java:748)
Caused by: org.openqa.selenium.json.JsonException: Unable to determine type from: <. Last 1 characters read: <
Build info: version: '3.141.59', revision: 'e82be7d358', time: '2018-11-14T08:17:03'
System info: host: 'DESKTOP-0MPBAPB', ip: '10.0.1.102', os.name: 'Windows 10', os.arch: 'amd64', os.version: '10.0', java.version: '1.8.0_231'
Driver info: driver.version: RemoteWebDriver
	at org.openqa.selenium.json.JsonInput.peek(JsonInput.java:122)
	at org.openqa.selenium.json.JsonTypeCoercer.lambda$null$6(JsonTypeCoercer.java:140)
	at org.openqa.selenium.json.JsonTypeCoercer.coerce(JsonTypeCoercer.java:126)
	at org.openqa.selenium.json.Json.toType(Json.java:69)
	at org.openqa.selenium.json.Json.toType(Json.java:55)
	at org.openqa.selenium.json.Json.toType(Json.java:50)
	at org.openqa.selenium.remote.ProtocolHandshake.createSession(ProtocolHandshake.java:112)
	... 20 more
... Removed 10 stack frames]]>
    </failure>
  </testcase> <!-- testCR3 -->
  <testcase name="testFF2" time="0.878" classname="docker.FirefoxTest2">
    <failure type="org.openqa.selenium.WebDriverException" message="Unable to parse remote response: &amp;lt;html&amp;gt;&amp;lt;head&amp;gt;&amp;lt;script src=&amp;apos;/grid/resources/org/openqa/grid/images/jquery-3.1.1.min.js&amp;apos;&amp;gt;&amp;lt;/script&amp;gt;&amp;lt;script src=&amp;apos;/grid/resources/org/openqa/grid/images/consoleservlet.js&amp;apos;&amp;gt;&amp;lt;/script&amp;gt;&amp;lt;link href=&amp;apos;/grid/resources/org/openqa/grid/images/consoleservlet.css&amp;apos; rel=&amp;apos;stylesheet&amp;apos; type=&amp;apos;text/css&amp;apos; /&amp;gt;&amp;lt;link href=&amp;apos;/grid/resources/org/openqa/grid/images/favicon.ico&amp;apos; rel=&amp;apos;icon&amp;apos; type=&amp;apos;image/x-icon&amp;apos; /&amp;gt;&amp;lt;title&amp;gt;Grid Console&amp;lt;/title&amp;gt;&amp;lt;style&amp;gt;.busy { opacity : 0.4;filter: alpha(opacity=40);}&amp;lt;/style&amp;gt;&amp;lt;/head&amp;gt;&amp;lt;body&amp;gt;&amp;lt;div id=&amp;apos;main-content&amp;apos;&amp;gt;&amp;lt;div id=&amp;apos;header&amp;apos;&amp;gt;&amp;lt;h1&amp;gt;&amp;lt;a href=&amp;apos;/grid/console&amp;apos;&amp;gt;Selenium&amp;lt;/a&amp;gt;&amp;lt;/h1&amp;gt;&amp;lt;h2&amp;gt;Grid Console v.3.11.0&amp;lt;/h2&amp;gt;&amp;lt;div&amp;gt;&amp;lt;a id=&amp;apos;helplink&amp;apos; target=&amp;apos;_blank&amp;apos; href=&amp;apos;https://github.com/SeleniumHQ/selenium/wiki/Grid2&amp;apos;&amp;gt;Help&amp;lt;/a&amp;gt;&amp;lt;/div&amp;gt;&amp;lt;/div&amp;gt;&amp;lt;div id=&amp;apos;left-column&amp;apos;&amp;gt;&amp;lt;div class=&amp;apos;proxy&amp;apos;&amp;gt;&amp;lt;p class=&amp;apos;proxyname&amp;apos;&amp;gt;DefaultRemoteProxy (version : 3.11.0)&amp;lt;p class=&amp;apos;proxyid&amp;apos;&amp;gt;id : http://172.21.0.3:5555, OS : LINUX&amp;lt;/p&amp;gt;&amp;lt;div class=&amp;apos;tabs&amp;apos;&amp;gt;&amp;lt;ul&amp;gt;&amp;lt;li class=&amp;apos;tab&amp;apos; type=&amp;apos;browsers&amp;apos;&amp;gt;&amp;lt;a title=&amp;apos;test slots&amp;apos; href=&amp;apos;#&amp;apos;&amp;gt;Browsers&amp;lt;/a&amp;gt;&amp;lt;/li&amp;gt;&amp;lt;li class=&amp;apos;tab&amp;apos; type=&amp;apos;config&amp;apos;&amp;gt;&amp;lt;a title=&amp;apos;node configuration&amp;apos; href=&amp;apos;#&amp;apos;&amp;gt;Configuration&amp;lt;/a&amp;gt;&amp;lt;/li&amp;gt;&amp;lt;/ul&amp;gt;&amp;lt;/div&amp;gt;&amp;lt;div class=&amp;apos;content&amp;apos;&amp;gt;&amp;lt;div type=&amp;apos;browsers&amp;apos; class=&amp;apos;content_detail&amp;apos;&amp;gt;&amp;lt;p class=&amp;apos;protocol&amp;apos; &amp;gt;WebDriver&amp;lt;/p&amp;gt;&amp;lt;p&amp;gt;v:59.0.1&amp;lt;img src=&amp;apos;/grid/resources/org/openqa/grid/images/firefox.png&amp;apos; width=&amp;apos;16&amp;apos; height=&amp;apos;16&amp;apos; title=&amp;apos;{server:CONFIG_UUID=2b3c3581-1e4d-45bd-aafc-48549f10ac21, seleniumProtocol=WebDriver, browserName=firefox, maxInstances=1, moz:firefoxOptions={log={level=info}}, platformName=LINUX, version=59.0.1, applicationName=, platform=LINUX}&amp;apos; /&amp;gt;
&amp;lt;/p&amp;gt;&amp;lt;/div&amp;gt;&amp;lt;div type=&amp;apos;config&amp;apos; class=&amp;apos;content_detail&amp;apos;&amp;gt;&amp;lt;p&amp;gt;browserTimeout: 0&amp;lt;/p&amp;gt;&amp;lt;p&amp;gt;debug: false&amp;lt;/p&amp;gt;&amp;lt;p&amp;gt;jettyMaxThreads: -1&amp;lt;/p&amp;gt;&amp;lt;p&amp;gt;port: 5555&amp;lt;/p&amp;gt;&amp;lt;p&amp;gt;role: node&amp;lt;/p&amp;gt;&amp;lt;p&amp;gt;timeout: 1800&amp;lt;/p&amp;gt;&amp;lt;p&amp;gt;cleanUpCycle: 5000&amp;lt;/p&amp;gt;&amp;lt;p&amp;gt;host: 172.21.0.3&amp;lt;/p&amp;gt;&amp;lt;p&amp;gt;maxSession: 1&amp;lt;/p&amp;gt;&amp;lt;p&amp;gt;capabilities: Capabilities {applicationName: , browserName: firefox, maxInstances: 1, moz:firefoxOptions: {log: {level: info}}, platform: LINUX, platformName: LINUX, seleniumProtocol: WebDriver, server:CONFIG_UUID: 2b3c3581-1e4d-45bd-aafc-485..., version: 59.0.1}&amp;lt;/p&amp;gt;&amp;lt;p&amp;gt;downPollingLimit: 2&amp;lt;/p&amp;gt;&amp;lt;p&amp;gt;hub: http://hub:4444/grid/register&amp;lt;/p&amp;gt;&amp;lt;p&amp;gt;id: http://172.21.0.3:5555&amp;lt;/p&amp;gt;&amp;lt;p&amp;gt;nodePolling: 5000&amp;lt;/p&amp;gt;&amp;lt;p&amp;gt;nodeStatusCheckTimeout: 5000&amp;lt;/p&amp;gt;&amp;lt;p&amp;gt;proxy: org.openqa.grid.selenium.proxy.DefaultRemoteProxy&amp;lt;/p&amp;gt;&amp;lt;p&amp;gt;register: true&amp;lt;/p&amp;gt;&amp;lt;p&amp;gt;registerCycle: 5000&amp;lt;/p&amp;gt;&amp;lt;p&amp;gt;remoteHost: http://172.21.0.3:5555&amp;lt;/p&amp;gt;&amp;lt;p&amp;gt;unregisterIfStillDownAfter: 60000&amp;lt;/p&amp;gt;&amp;lt;/div&amp;gt;&amp;lt;/div&amp;gt;&amp;lt;/div&amp;gt;&amp;lt;div class=&amp;apos;proxy&amp;apos;&amp;gt;&amp;lt;p class=&amp;apos;proxyname&amp;apos;&amp;gt;DefaultRemoteProxy (version : 3.11.0)&amp;lt;p class=&amp;apos;proxyid&amp;apos;&amp;gt;id : http://172.21.0.4:5555, OS : LINUX&amp;lt;/p&amp;gt;&amp;lt;div class=&amp;apos;tabs&amp;apos;&amp;gt;&amp;lt;ul&amp;gt;&amp;lt;li class=&amp;apos;tab&amp;apos; type=&amp;apos;browsers&amp;apos;&amp;gt;&amp;lt;a title=&amp;apos;test slots&amp;apos; href=&amp;apos;#&amp;apos;&amp;gt;Browsers&amp;lt;/a&amp;gt;&amp;lt;/li&amp;gt;&amp;lt;li class=&amp;apos;tab&amp;apos; type=&amp;apos;config&amp;apos;&amp;gt;&amp;lt;a title=&amp;apos;node configuration&amp;apos; href=&amp;apos;#&amp;apos;&amp;gt;Configuration&amp;lt;/a&amp;gt;&amp;lt;/li&amp;gt;&amp;lt;/ul&amp;gt;&amp;lt;/div&amp;gt;&amp;lt;div class=&amp;apos;content&amp;apos;&amp;gt;&amp;lt;div type=&amp;apos;browsers&amp;apos; class=&amp;apos;content_detail&amp;apos;&amp;gt;&amp;lt;p class=&amp;apos;protocol&amp;apos; &amp;gt;WebDriver&amp;lt;/p&amp;gt;&amp;lt;p&amp;gt;v:65.0.3325.162&amp;lt;img src=&amp;apos;/grid/resources/org/openqa/grid/images/chrome.png&amp;apos; width=&amp;apos;16&amp;apos; height=&amp;apos;16&amp;apos; title=&amp;apos;{server:CONFIG_UUID=ab1c37d6-b082-4804-998e-6638fdf76672, seleniumProtocol=WebDriver, browserName=chrome, maxInstances=1, platformName=LINUX, version=65.0.3325.162, applicationName=, platform=LINUX}&amp;apos; /&amp;gt;
&amp;lt;/p&amp;gt;&amp;lt;/div&amp;gt;&amp;lt;div type=&amp;apos;config&amp;apos; class=&amp;apos;content_detail&amp;apos;&amp;gt;&amp;lt;p&amp;gt;browserTimeout: 0&amp;lt;/p&amp;gt;&amp;lt;p&amp;gt;debug: false&amp;lt;/p&amp;gt;&amp;lt;p&amp;gt;jettyMaxThreads: -1&amp;lt;/p&amp;gt;&amp;lt;p&amp;gt;port: 5555&amp;lt;/p&amp;gt;&amp;lt;p&amp;gt;role: node&amp;lt;/p&amp;gt;&amp;lt;p&amp;gt;timeout: 1800&amp;lt;/p&amp;gt;&amp;lt;p&amp;gt;cleanUpCycle: 5000&amp;lt;/p&amp;gt;&amp;lt;p&amp;gt;host: 172.21.0.4&amp;lt;/p&amp;gt;&amp;lt;p&amp;gt;maxSession: 1&amp;lt;/p&amp;gt;&amp;lt;p&amp;gt;capabilities: Capabilities {applicationName: , browserName: chrome, maxInstances: 1, platform: LINUX, platformName: LINUX, seleniumProtocol: WebDriver, server:CONFIG_UUID: ab1c37d6-b082-4804-998e-663..., version: 65.0.3325.162}&amp;lt;/p&amp;gt;&amp;lt;p&amp;gt;downPollingLimit: 2&amp;lt;/p&amp;gt;&amp;lt;p&amp;gt;hub: http://hub:4444/grid/register&amp;lt;/p&amp;gt;&amp;lt;p&amp;gt;id: http://172.21.0.4:5555&amp;lt;/p&amp;gt;&amp;lt;p&amp;gt;nodePolling: 5000&amp;lt;/p&amp;gt;&amp;lt;p&amp;gt;nodeStatusCheckTimeout: 5000&amp;lt;/p&amp;gt;&amp;lt;p&amp;gt;proxy: org.openqa.grid.selenium.proxy.DefaultRemoteProxy&amp;lt;/p&amp;gt;&amp;lt;p&amp;gt;register: true&amp;lt;/p&amp;gt;&amp;lt;p&amp;gt;registerCycle: 5000&amp;lt;/p&amp;gt;&amp;lt;p&amp;gt;remoteHost: http://172.21.0.4:5555&amp;lt;/p&amp;gt;&amp;lt;p&amp;gt;unregisterIfStillDownAfter: 60000&amp;lt;/p&amp;gt;&amp;lt;/div&amp;gt;&amp;lt;/div&amp;gt;&amp;lt;/div&amp;gt;&amp;lt;div class=&amp;apos;proxy&amp;apos;&amp;gt;&amp;lt;p class=&amp;apos;proxyname&amp;apos;&amp;gt;DefaultRemoteProxy (version : 3.11.0)&amp;lt;p class=&amp;apos;proxyid&amp;apos;&amp;gt;id : http://172.21.0.5:5555, OS : LINUX&amp;lt;/p&amp;gt;&amp;lt;div class=&amp;apos;tabs&amp;apos;&amp;gt;&amp;lt;ul&amp;gt;&amp;lt;li class=&amp;apos;tab&amp;apos; type=&amp;apos;browsers&amp;apos;&amp;gt;&amp;lt;a title=&amp;apos;test slots&amp;apos; href=&amp;apos;#&amp;apos;&amp;gt;Browsers&amp;lt;/a&amp;gt;&amp;lt;/li&amp;gt;&amp;lt;li class=&amp;apos;tab&amp;apos; type=&amp;apos;config&amp;apos;&amp;gt;&amp;lt;a title=&amp;apos;node configuration&amp;apos; href=&amp;apos;#&amp;apos;&amp;gt;Configuration&amp;lt;/a&amp;gt;&amp;lt;/li&amp;gt;&amp;lt;/ul&amp;gt;&amp;lt;/div&amp;gt;&amp;lt;div class=&amp;apos;content&amp;apos;&amp;gt;&amp;lt;div type=&amp;apos;browsers&amp;apos; class=&amp;apos;content_detail&amp;apos;&amp;gt;&amp;lt;p class=&amp;apos;protocol&amp;apos; &amp;gt;WebDriver&amp;lt;/p&amp;gt;&amp;lt;p&amp;gt;v:65.0.3325.162&amp;lt;img src=&amp;apos;/grid/resources/org/openqa/grid/images/chrome.png&amp;apos; width=&amp;apos;16&amp;apos; height=&amp;apos;16&amp;apos; title=&amp;apos;{server:CONFIG_UUID=4fef427b-27f3-468d-8c84-f2f120a5a260, seleniumProtocol=WebDriver, browserName=chrome, maxInstances=1, platformName=LINUX, version=65.0.3325.162, applicationName=, platform=LINUX}&amp;apos; /&amp;gt;
&amp;lt;/p&amp;gt;&amp;lt;/div&amp;gt;&amp;lt;div type=&amp;apos;config&amp;apos; class=&amp;apos;content_detail&amp;apos;&amp;gt;&amp;lt;p&amp;gt;browserTimeout: 0&amp;lt;/p&amp;gt;&amp;lt;p&amp;gt;debug: false&amp;lt;/p&amp;gt;&amp;lt;p&amp;gt;jettyMaxThreads: -1&amp;lt;/p&amp;gt;&amp;lt;p&amp;gt;port: 5555&amp;lt;/p&amp;gt;&amp;lt;p&amp;gt;role: node&amp;lt;/p&amp;gt;&amp;lt;p&amp;gt;timeout: 1800&amp;lt;/p&amp;gt;&amp;lt;p&amp;gt;cleanUpCycle: 5000&amp;lt;/p&amp;gt;&amp;lt;p&amp;gt;host: 172.21.0.5&amp;lt;/p&amp;gt;&amp;lt;p&amp;gt;maxSession: 1&amp;lt;/p&amp;gt;&amp;lt;p&amp;gt;capabilities: Capabilities {applicationName: , browserName: chrome, maxInstances: 1, platform: LINUX, platformName: LINUX, seleniumProtocol: WebDriver, server:CONFIG_UUID: 4fef427b-27f3-468d-8c84-f2f..., version: 65.0.3325.162}&amp;lt;/p&amp;gt;&amp;lt;p&amp;gt;downPollingLimit: 2&amp;lt;/p&amp;gt;&amp;lt;p&amp;gt;hub: http://hub:4444/grid/register&amp;lt;/p&amp;gt;&amp;lt;p&amp;gt;id: http://172.21.0.5:5555&amp;lt;/p&amp;gt;&amp;lt;p&amp;gt;nodePolling: 5000&amp;lt;/p&amp;gt;&amp;lt;p&amp;gt;nodeStatusCheckTimeout: 5000&amp;lt;/p&amp;gt;&amp;lt;p&amp;gt;proxy: org.openqa.grid.selenium.proxy.DefaultRemoteProxy&amp;lt;/p&amp;gt;&amp;lt;p&amp;gt;register: true&amp;lt;/p&amp;gt;&amp;lt;p&amp;gt;registerCycle: 5000&amp;lt;/p&amp;gt;&amp;lt;p&amp;gt;remoteHost: http://172.21.0.5:5555&amp;lt;/p&amp;gt;&amp;lt;p&amp;gt;unregisterIfStillDownAfter: 60000&amp;lt;/p&amp;gt;&amp;lt;/div&amp;gt;&amp;lt;/div&amp;gt;&amp;lt;/div&amp;gt;&amp;lt;/div&amp;gt;&amp;lt;div id=&amp;apos;right-column&amp;apos;&amp;gt;&amp;lt;div class=&amp;apos;proxy&amp;apos;&amp;gt;&amp;lt;p class=&amp;apos;proxyname&amp;apos;&amp;gt;DefaultRemoteProxy (version : 3.11.0)&amp;lt;p class=&amp;apos;proxyid&amp;apos;&amp;gt;id : http://172.21.0.6:5555, OS : LINUX&amp;lt;/p&amp;gt;&amp;lt;div class=&amp;apos;tabs&amp;apos;&amp;gt;&amp;lt;ul&amp;gt;&amp;lt;li class=&amp;apos;tab&amp;apos; type=&amp;apos;browsers&amp;apos;&amp;gt;&amp;lt;a title=&amp;apos;test slots&amp;apos; href=&amp;apos;#&amp;apos;&amp;gt;Browsers&amp;lt;/a&amp;gt;&amp;lt;/li&amp;gt;&amp;lt;li class=&amp;apos;tab&amp;apos; type=&amp;apos;config&amp;apos;&amp;gt;&amp;lt;a title=&amp;apos;node configuration&amp;apos; href=&amp;apos;#&amp;apos;&amp;gt;Configuration&amp;lt;/a&amp;gt;&amp;lt;/li&amp;gt;&amp;lt;/ul&amp;gt;&amp;lt;/div&amp;gt;&amp;lt;div class=&amp;apos;content&amp;apos;&amp;gt;&amp;lt;div type=&amp;apos;browsers&amp;apos; class=&amp;apos;content_detail&amp;apos;&amp;gt;&amp;lt;p class=&amp;apos;protocol&amp;apos; &amp;gt;WebDriver&amp;lt;/p&amp;gt;&amp;lt;p&amp;gt;v:65.0.3325.162&amp;lt;img src=&amp;apos;/grid/resources/org/openqa/grid/images/chrome.png&amp;apos; width=&amp;apos;16&amp;apos; height=&amp;apos;16&amp;apos; title=&amp;apos;{server:CONFIG_UUID=f05d5422-363d-4c49-8c39-d76e7c601b54, seleniumProtocol=WebDriver, browserName=chrome, maxInstances=1, platformName=LINUX, version=65.0.3325.162, applicationName=, platform=LINUX}&amp;apos; /&amp;gt;
&amp;lt;/p&amp;gt;&amp;lt;/div&amp;gt;&amp;lt;div type=&amp;apos;config&amp;apos; class=&amp;apos;content_detail&amp;apos;&amp;gt;&amp;lt;p&amp;gt;browserTimeout: 0&amp;lt;/p&amp;gt;&amp;lt;p&amp;gt;debug: false&amp;lt;/p&amp;gt;&amp;lt;p&amp;gt;jettyMaxThreads: -1&amp;lt;/p&amp;gt;&amp;lt;p&amp;gt;port: 5555&amp;lt;/p&amp;gt;&amp;lt;p&amp;gt;role: node&amp;lt;/p&amp;gt;&amp;lt;p&amp;gt;timeout: 1800&amp;lt;/p&amp;gt;&amp;lt;p&amp;gt;cleanUpCycle: 5000&amp;lt;/p&amp;gt;&amp;lt;p&amp;gt;host: 172.21.0.6&amp;lt;/p&amp;gt;&amp;lt;p&amp;gt;maxSession: 1&amp;lt;/p&amp;gt;&amp;lt;p&amp;gt;capabilities: Capabilities {applicationName: , browserName: chrome, maxInstances: 1, platform: LINUX, platformName: LINUX, seleniumProtocol: WebDriver, server:CONFIG_UUID: f05d5422-363d-4c49-8c39-d76..., version: 65.0.3325.162}&amp;lt;/p&amp;gt;&amp;lt;p&amp;gt;downPollingLimit: 2&amp;lt;/p&amp;gt;&amp;lt;p&amp;gt;hub: http://hub:4444/grid/register&amp;lt;/p&amp;gt;&amp;lt;p&amp;gt;id: http://172.21.0.6:5555&amp;lt;/p&amp;gt;&amp;lt;p&amp;gt;nodePolling: 5000&amp;lt;/p&amp;gt;&amp;lt;p&amp;gt;nodeStatusCheckTimeout: 5000&amp;lt;/p&amp;gt;&amp;lt;p&amp;gt;proxy: org.openqa.grid.selenium.proxy.DefaultRemoteProxy&amp;lt;/p&amp;gt;&amp;lt;p&amp;gt;register: true&amp;lt;/p&amp;gt;&amp;lt;p&amp;gt;registerCycle: 5000&amp;lt;/p&amp;gt;&amp;lt;p&amp;gt;remoteHost: http://172.21.0.6:5555&amp;lt;/p&amp;gt;&amp;lt;p&amp;gt;unregisterIfStillDownAfter: 60000&amp;lt;/p&amp;gt;&amp;lt;/div&amp;gt;&amp;lt;/div&amp;gt;&amp;lt;/div&amp;gt;&amp;lt;div class=&amp;apos;proxy&amp;apos;&amp;gt;&amp;lt;p class=&amp;apos;proxyname&amp;apos;&amp;gt;DefaultRemoteProxy (version : 3.11.0)&amp;lt;p class=&amp;apos;proxyid&amp;apos;&amp;gt;id : http://172.21.0.7:5555, OS : LINUX&amp;lt;/p&amp;gt;&amp;lt;div class=&amp;apos;tabs&amp;apos;&amp;gt;&amp;lt;ul&amp;gt;&amp;lt;li class=&amp;apos;tab&amp;apos; type=&amp;apos;browsers&amp;apos;&amp;gt;&amp;lt;a title=&amp;apos;test slots&amp;apos; href=&amp;apos;#&amp;apos;&amp;gt;Browsers&amp;lt;/a&amp;gt;&amp;lt;/li&amp;gt;&amp;lt;li class=&amp;apos;tab&amp;apos; type=&amp;apos;config&amp;apos;&amp;gt;&amp;lt;a title=&amp;apos;node configuration&amp;apos; href=&amp;apos;#&amp;apos;&amp;gt;Configuration&amp;lt;/a&amp;gt;&amp;lt;/li&amp;gt;&amp;lt;/ul&amp;gt;&amp;lt;/div&amp;gt;&amp;lt;div class=&amp;apos;content&amp;apos;&amp;gt;&amp;lt;div type=&amp;apos;browsers&amp;apos; class=&amp;apos;content_detail&amp;apos;&amp;gt;&amp;lt;p class=&amp;apos;protocol&amp;apos; &amp;gt;WebDriver&amp;lt;/p&amp;gt;&amp;lt;p&amp;gt;v:59.0.1&amp;lt;img src=&amp;apos;/grid/resources/org/openqa/grid/images/firefox.png&amp;apos; width=&amp;apos;16&amp;apos; height=&amp;apos;16&amp;apos; title=&amp;apos;{server:CONFIG_UUID=df58f406-0e66-41a6-837e-8e8fc3e4a376, seleniumProtocol=WebDriver, browserName=firefox, maxInstances=1, moz:firefoxOptions={log={level=info}}, platformName=LINUX, version=59.0.1, applicationName=, platform=LINUX}&amp;apos; /&amp;gt;
&amp;lt;/p&amp;gt;&amp;lt;/div&amp;gt;&amp;lt;div type=&amp;apos;config&amp;apos; class=&amp;apos;content_detail&amp;apos;&amp;gt;&amp;lt;p&amp;gt;browserTimeout: 0&amp;lt;/p&amp;gt;&amp;lt;p&amp;gt;debug: false&amp;lt;/p&amp;gt;&amp;lt;p&amp;gt;jettyMaxThreads: -1&amp;lt;/p&amp;gt;&amp;lt;p&amp;gt;port: 5555&amp;lt;/p&amp;gt;&amp;lt;p&amp;gt;role: node&amp;lt;/p&amp;gt;&amp;lt;p&amp;gt;timeout: 1800&amp;lt;/p&amp;gt;&amp;lt;p&amp;gt;cleanUpCycle: 5000&amp;lt;/p&amp;gt;&amp;lt;p&amp;gt;host: 172.21.0.7&amp;lt;/p&amp;gt;&amp;lt;p&amp;gt;maxSession: 1&amp;lt;/p&amp;gt;&amp;lt;p&amp;gt;capabilities: Capabilities {applicationName: , browserName: firefox, maxInstances: 1, moz:firefoxOptions: {log: {level: info}}, platform: LINUX, platformName: LINUX, seleniumProtocol: WebDriver, server:CONFIG_UUID: df58f406-0e66-41a6-837e-8e8..., version: 59.0.1}&amp;lt;/p&amp;gt;&amp;lt;p&amp;gt;downPollingLimit: 2&amp;lt;/p&amp;gt;&amp;lt;p&amp;gt;hub: http://hub:4444/grid/register&amp;lt;/p&amp;gt;&amp;lt;p&amp;gt;id: http://172.21.0.7:5555&amp;lt;/p&amp;gt;&amp;lt;p&amp;gt;nodePolling: 5000&amp;lt;/p&amp;gt;&amp;lt;p&amp;gt;nodeStatusCheckTimeout: 5000&amp;lt;/p&amp;gt;&amp;lt;p&amp;gt;proxy: org.openqa.grid.selenium.proxy.DefaultRemoteProxy&amp;lt;/p&amp;gt;&amp;lt;p&amp;gt;register: true&amp;lt;/p&amp;gt;&amp;lt;p&amp;gt;registerCycle: 5000&amp;lt;/p&amp;gt;&amp;lt;p&amp;gt;remoteHost: http://172.21.0.7:5555&amp;lt;/p&amp;gt;&amp;lt;p&amp;gt;unregisterIfStillDownAfter: 60000&amp;lt;/p&amp;gt;&amp;lt;/div&amp;gt;&amp;lt;/div&amp;gt;&amp;lt;/div&amp;gt;&amp;lt;div class=&amp;apos;proxy&amp;apos;&amp;gt;&amp;lt;p class=&amp;apos;proxyname&amp;apos;&amp;gt;DefaultRemoteProxy (version : 3.11.0)&amp;lt;p class=&amp;apos;proxyid&amp;apos;&amp;gt;id : http://172.21.0.8:5555, OS : LINUX&amp;lt;/p&amp;gt;&amp;lt;div class=&amp;apos;tabs&amp;apos;&amp;gt;&amp;lt;ul&amp;gt;&amp;lt;li class=&amp;apos;tab&amp;apos; type=&amp;apos;browsers&amp;apos;&amp;gt;&amp;lt;a title=&amp;apos;test slots&amp;apos; href=&amp;apos;#&amp;apos;&amp;gt;Browsers&amp;lt;/a&amp;gt;&amp;lt;/li&amp;gt;&amp;lt;li class=&amp;apos;tab&amp;apos; type=&amp;apos;config&amp;apos;&amp;gt;&amp;lt;a title=&amp;apos;node configuration&amp;apos; href=&amp;apos;#&amp;apos;&amp;gt;Configuration&amp;lt;/a&amp;gt;&amp;lt;/li&amp;gt;&amp;lt;/ul&amp;gt;&amp;lt;/div&amp;gt;&amp;lt;div class=&amp;apos;content&amp;apos;&amp;gt;&amp;lt;div type=&amp;apos;browsers&amp;apos; class=&amp;apos;content_detail&amp;apos;&amp;gt;&amp;lt;p class=&amp;apos;protocol&amp;apos; &amp;gt;WebDriver&amp;lt;/p&amp;gt;&amp;lt;p&amp;gt;v:59.0.1&amp;lt;img src=&amp;apos;/grid/resources/org/openqa/grid/images/firefox.png&amp;apos; width=&amp;apos;16&amp;apos; height=&amp;apos;16&amp;apos; title=&amp;apos;{server:CONFIG_UUID=a0e08d78-2490-4e88-ac30-038567f9c485, seleniumProtocol=WebDriver, browserName=firefox, maxInstances=1, moz:firefoxOptions={log={level=info}}, platformName=LINUX, version=59.0.1, applicationName=, platform=LINUX}&amp;apos; /&amp;gt;
&amp;lt;/p&amp;gt;&amp;lt;/div&amp;gt;&amp;lt;div type=&amp;apos;config&amp;apos; class=&amp;apos;content_detail&amp;apos;&amp;gt;&amp;lt;p&amp;gt;browserTimeout: 0&amp;lt;/p&amp;gt;&amp;lt;p&amp;gt;debug: false&amp;lt;/p&amp;gt;&amp;lt;p&amp;gt;jettyMaxThreads: -1&amp;lt;/p&amp;gt;&amp;lt;p&amp;gt;port: 5555&amp;lt;/p&amp;gt;&amp;lt;p&amp;gt;role: node&amp;lt;/p&amp;gt;&amp;lt;p&amp;gt;timeout: 1800&amp;lt;/p&amp;gt;&amp;lt;p&amp;gt;cleanUpCycle: 5000&amp;lt;/p&amp;gt;&amp;lt;p&amp;gt;host: 172.21.0.8&amp;lt;/p&amp;gt;&amp;lt;p&amp;gt;maxSession: 1&amp;lt;/p&amp;gt;&amp;lt;p&amp;gt;capabilities: Capabilities {applicationName: , browserName: firefox, maxInstances: 1, moz:firefoxOptions: {log: {level: info}}, platform: LINUX, platformName: LINUX, seleniumProtocol: WebDriver, server:CONFIG_UUID: a0e08d78-2490-4e88-ac30-038..., version: 59.0.1}&amp;lt;/p&amp;gt;&amp;lt;p&amp;gt;downPollingLimit: 2&amp;lt;/p&amp;gt;&amp;lt;p&amp;gt;hub: http://hub:4444/grid/register&amp;lt;/p&amp;gt;&amp;lt;p&amp;gt;id: http://172.21.0.8:5555&amp;lt;/p&amp;gt;&amp;lt;p&amp;gt;nodePolling: 5000&amp;lt;/p&amp;gt;&amp;lt;p&amp;gt;nodeStatusCheckTimeout: 5000&amp;lt;/p&amp;gt;&amp;lt;p&amp;gt;proxy: org.openqa.grid.selenium.proxy.DefaultRemoteProxy&amp;lt;/p&amp;gt;&amp;lt;p&amp;gt;register: true&amp;lt;/p&amp;gt;&amp;lt;p&amp;gt;registerCycle: 5000&amp;lt;/p&amp;gt;&amp;lt;p&amp;gt;remoteHost: http://172.21.0.8:5555&amp;lt;/p&amp;gt;&amp;lt;p&amp;gt;unregisterIfStillDownAfter: 60000&amp;lt;/p&amp;gt;&amp;lt;/div&amp;gt;&amp;lt;/div&amp;gt;&amp;lt;/div&amp;gt;&amp;lt;/div&amp;gt;&amp;lt;div class=&amp;apos;clearfix&amp;apos;&amp;gt;&amp;lt;/div&amp;gt;&amp;lt;div&amp;gt;&amp;lt;ul&amp;gt;&amp;lt;/ul&amp;gt;&amp;lt;/div&amp;gt;&amp;lt;a href=&amp;apos;?config=true&amp;amp;configDebug=true&amp;apos;&amp;gt;view config&amp;lt;/a&amp;gt;&amp;lt;/div&amp;gt;&amp;lt;/body&amp;gt;&amp;lt;/html&amp;gt;">
      <![CDATA[org.openqa.selenium.WebDriverException: Unable to parse remote response: <html><head><script src='/grid/resources/org/openqa/grid/images/jquery-3.1.1.min.js'></script><script src='/grid/resources/org/openqa/grid/images/consoleservlet.js'></script><link href='/grid/resources/org/openqa/grid/images/consoleservlet.css' rel='stylesheet' type='text/css' /><link href='/grid/resources/org/openqa/grid/images/favicon.ico' rel='icon' type='image/x-icon' /><title>Grid Console</title><style>.busy { opacity : 0.4;filter: alpha(opacity=40);}</style></head><body><div id='main-content'><div id='header'><h1><a href='/grid/console'>Selenium</a></h1><h2>Grid Console v.3.11.0</h2><div><a id='helplink' target='_blank' href='https://github.com/SeleniumHQ/selenium/wiki/Grid2'>Help</a></div></div><div id='left-column'><div class='proxy'><p class='proxyname'>DefaultRemoteProxy (version : 3.11.0)<p class='proxyid'>id : http://172.21.0.3:5555, OS : LINUX</p><div class='tabs'><ul><li class='tab' type='browsers'><a title='test slots' href='#'>Browsers</a></li><li class='tab' type='config'><a title='node configuration' href='#'>Configuration</a></li></ul></div><div class='content'><div type='browsers' class='content_detail'><p class='protocol' >WebDriver</p><p>v:59.0.1<img src='/grid/resources/org/openqa/grid/images/firefox.png' width='16' height='16' title='{server:CONFIG_UUID=2b3c3581-1e4d-45bd-aafc-48549f10ac21, seleniumProtocol=WebDriver, browserName=firefox, maxInstances=1, moz:firefoxOptions={log={level=info}}, platformName=LINUX, version=59.0.1, applicationName=, platform=LINUX}' />
</p></div><div type='config' class='content_detail'><p>browserTimeout: 0</p><p>debug: false</p><p>jettyMaxThreads: -1</p><p>port: 5555</p><p>role: node</p><p>timeout: 1800</p><p>cleanUpCycle: 5000</p><p>host: 172.21.0.3</p><p>maxSession: 1</p><p>capabilities: Capabilities {applicationName: , browserName: firefox, maxInstances: 1, moz:firefoxOptions: {log: {level: info}}, platform: LINUX, platformName: LINUX, seleniumProtocol: WebDriver, server:CONFIG_UUID: 2b3c3581-1e4d-45bd-aafc-485..., version: 59.0.1}</p><p>downPollingLimit: 2</p><p>hub: http://hub:4444/grid/register</p><p>id: http://172.21.0.3:5555</p><p>nodePolling: 5000</p><p>nodeStatusCheckTimeout: 5000</p><p>proxy: org.openqa.grid.selenium.proxy.DefaultRemoteProxy</p><p>register: true</p><p>registerCycle: 5000</p><p>remoteHost: http://172.21.0.3:5555</p><p>unregisterIfStillDownAfter: 60000</p></div></div></div><div class='proxy'><p class='proxyname'>DefaultRemoteProxy (version : 3.11.0)<p class='proxyid'>id : http://172.21.0.4:5555, OS : LINUX</p><div class='tabs'><ul><li class='tab' type='browsers'><a title='test slots' href='#'>Browsers</a></li><li class='tab' type='config'><a title='node configuration' href='#'>Configuration</a></li></ul></div><div class='content'><div type='browsers' class='content_detail'><p class='protocol' >WebDriver</p><p>v:65.0.3325.162<img src='/grid/resources/org/openqa/grid/images/chrome.png' width='16' height='16' title='{server:CONFIG_UUID=ab1c37d6-b082-4804-998e-6638fdf76672, seleniumProtocol=WebDriver, browserName=chrome, maxInstances=1, platformName=LINUX, version=65.0.3325.162, applicationName=, platform=LINUX}' />
</p></div><div type='config' class='content_detail'><p>browserTimeout: 0</p><p>debug: false</p><p>jettyMaxThreads: -1</p><p>port: 5555</p><p>role: node</p><p>timeout: 1800</p><p>cleanUpCycle: 5000</p><p>host: 172.21.0.4</p><p>maxSession: 1</p><p>capabilities: Capabilities {applicationName: , browserName: chrome, maxInstances: 1, platform: LINUX, platformName: LINUX, seleniumProtocol: WebDriver, server:CONFIG_UUID: ab1c37d6-b082-4804-998e-663..., version: 65.0.3325.162}</p><p>downPollingLimit: 2</p><p>hub: http://hub:4444/grid/register</p><p>id: http://172.21.0.4:5555</p><p>nodePolling: 5000</p><p>nodeStatusCheckTimeout: 5000</p><p>proxy: org.openqa.grid.selenium.proxy.DefaultRemoteProxy</p><p>register: true</p><p>registerCycle: 5000</p><p>remoteHost: http://172.21.0.4:5555</p><p>unregisterIfStillDownAfter: 60000</p></div></div></div><div class='proxy'><p class='proxyname'>DefaultRemoteProxy (version : 3.11.0)<p class='proxyid'>id : http://172.21.0.5:5555, OS : LINUX</p><div class='tabs'><ul><li class='tab' type='browsers'><a title='test slots' href='#'>Browsers</a></li><li class='tab' type='config'><a title='node configuration' href='#'>Configuration</a></li></ul></div><div class='content'><div type='browsers' class='content_detail'><p class='protocol' >WebDriver</p><p>v:65.0.3325.162<img src='/grid/resources/org/openqa/grid/images/chrome.png' width='16' height='16' title='{server:CONFIG_UUID=4fef427b-27f3-468d-8c84-f2f120a5a260, seleniumProtocol=WebDriver, browserName=chrome, maxInstances=1, platformName=LINUX, version=65.0.3325.162, applicationName=, platform=LINUX}' />
</p></div><div type='config' class='content_detail'><p>browserTimeout: 0</p><p>debug: false</p><p>jettyMaxThreads: -1</p><p>port: 5555</p><p>role: node</p><p>timeout: 1800</p><p>cleanUpCycle: 5000</p><p>host: 172.21.0.5</p><p>maxSession: 1</p><p>capabilities: Capabilities {applicationName: , browserName: chrome, maxInstances: 1, platform: LINUX, platformName: LINUX, seleniumProtocol: WebDriver, server:CONFIG_UUID: 4fef427b-27f3-468d-8c84-f2f..., version: 65.0.3325.162}</p><p>downPollingLimit: 2</p><p>hub: http://hub:4444/grid/register</p><p>id: http://172.21.0.5:5555</p><p>nodePolling: 5000</p><p>nodeStatusCheckTimeout: 5000</p><p>proxy: org.openqa.grid.selenium.proxy.DefaultRemoteProxy</p><p>register: true</p><p>registerCycle: 5000</p><p>remoteHost: http://172.21.0.5:5555</p><p>unregisterIfStillDownAfter: 60000</p></div></div></div></div><div id='right-column'><div class='proxy'><p class='proxyname'>DefaultRemoteProxy (version : 3.11.0)<p class='proxyid'>id : http://172.21.0.6:5555, OS : LINUX</p><div class='tabs'><ul><li class='tab' type='browsers'><a title='test slots' href='#'>Browsers</a></li><li class='tab' type='config'><a title='node configuration' href='#'>Configuration</a></li></ul></div><div class='content'><div type='browsers' class='content_detail'><p class='protocol' >WebDriver</p><p>v:65.0.3325.162<img src='/grid/resources/org/openqa/grid/images/chrome.png' width='16' height='16' title='{server:CONFIG_UUID=f05d5422-363d-4c49-8c39-d76e7c601b54, seleniumProtocol=WebDriver, browserName=chrome, maxInstances=1, platformName=LINUX, version=65.0.3325.162, applicationName=, platform=LINUX}' />
</p></div><div type='config' class='content_detail'><p>browserTimeout: 0</p><p>debug: false</p><p>jettyMaxThreads: -1</p><p>port: 5555</p><p>role: node</p><p>timeout: 1800</p><p>cleanUpCycle: 5000</p><p>host: 172.21.0.6</p><p>maxSession: 1</p><p>capabilities: Capabilities {applicationName: , browserName: chrome, maxInstances: 1, platform: LINUX, platformName: LINUX, seleniumProtocol: WebDriver, server:CONFIG_UUID: f05d5422-363d-4c49-8c39-d76..., version: 65.0.3325.162}</p><p>downPollingLimit: 2</p><p>hub: http://hub:4444/grid/register</p><p>id: http://172.21.0.6:5555</p><p>nodePolling: 5000</p><p>nodeStatusCheckTimeout: 5000</p><p>proxy: org.openqa.grid.selenium.proxy.DefaultRemoteProxy</p><p>register: true</p><p>registerCycle: 5000</p><p>remoteHost: http://172.21.0.6:5555</p><p>unregisterIfStillDownAfter: 60000</p></div></div></div><div class='proxy'><p class='proxyname'>DefaultRemoteProxy (version : 3.11.0)<p class='proxyid'>id : http://172.21.0.7:5555, OS : LINUX</p><div class='tabs'><ul><li class='tab' type='browsers'><a title='test slots' href='#'>Browsers</a></li><li class='tab' type='config'><a title='node configuration' href='#'>Configuration</a></li></ul></div><div class='content'><div type='browsers' class='content_detail'><p class='protocol' >WebDriver</p><p>v:59.0.1<img src='/grid/resources/org/openqa/grid/images/firefox.png' width='16' height='16' title='{server:CONFIG_UUID=df58f406-0e66-41a6-837e-8e8fc3e4a376, seleniumProtocol=WebDriver, browserName=firefox, maxInstances=1, moz:firefoxOptions={log={level=info}}, platformName=LINUX, version=59.0.1, applicationName=, platform=LINUX}' />
</p></div><div type='config' class='content_detail'><p>browserTimeout: 0</p><p>debug: false</p><p>jettyMaxThreads: -1</p><p>port: 5555</p><p>role: node</p><p>timeout: 1800</p><p>cleanUpCycle: 5000</p><p>host: 172.21.0.7</p><p>maxSession: 1</p><p>capabilities: Capabilities {applicationName: , browserName: firefox, maxInstances: 1, moz:firefoxOptions: {log: {level: info}}, platform: LINUX, platformName: LINUX, seleniumProtocol: WebDriver, server:CONFIG_UUID: df58f406-0e66-41a6-837e-8e8..., version: 59.0.1}</p><p>downPollingLimit: 2</p><p>hub: http://hub:4444/grid/register</p><p>id: http://172.21.0.7:5555</p><p>nodePolling: 5000</p><p>nodeStatusCheckTimeout: 5000</p><p>proxy: org.openqa.grid.selenium.proxy.DefaultRemoteProxy</p><p>register: true</p><p>registerCycle: 5000</p><p>remoteHost: http://172.21.0.7:5555</p><p>unregisterIfStillDownAfter: 60000</p></div></div></div><div class='proxy'><p class='proxyname'>DefaultRemoteProxy (version : 3.11.0)<p class='proxyid'>id : http://172.21.0.8:5555, OS : LINUX</p><div class='tabs'><ul><li class='tab' type='browsers'><a title='test slots' href='#'>Browsers</a></li><li class='tab' type='config'><a title='node configuration' href='#'>Configuration</a></li></ul></div><div class='content'><div type='browsers' class='content_detail'><p class='protocol' >WebDriver</p><p>v:59.0.1<img src='/grid/resources/org/openqa/grid/images/firefox.png' width='16' height='16' title='{server:CONFIG_UUID=a0e08d78-2490-4e88-ac30-038567f9c485, seleniumProtocol=WebDriver, browserName=firefox, maxInstances=1, moz:firefoxOptions={log={level=info}}, platformName=LINUX, version=59.0.1, applicationName=, platform=LINUX}' />
</p></div><div type='config' class='content_detail'><p>browserTimeout: 0</p><p>debug: false</p><p>jettyMaxThreads: -1</p><p>port: 5555</p><p>role: node</p><p>timeout: 1800</p><p>cleanUpCycle: 5000</p><p>host: 172.21.0.8</p><p>maxSession: 1</p><p>capabilities: Capabilities {applicationName: , browserName: firefox, maxInstances: 1, moz:firefoxOptions: {log: {level: info}}, platform: LINUX, platformName: LINUX, seleniumProtocol: WebDriver, server:CONFIG_UUID: a0e08d78-2490-4e88-ac30-038..., version: 59.0.1}</p><p>downPollingLimit: 2</p><p>hub: http://hub:4444/grid/register</p><p>id: http://172.21.0.8:5555</p><p>nodePolling: 5000</p><p>nodeStatusCheckTimeout: 5000</p><p>proxy: org.openqa.grid.selenium.proxy.DefaultRemoteProxy</p><p>register: true</p><p>registerCycle: 5000</p><p>remoteHost: http://172.21.0.8:5555</p><p>unregisterIfStillDownAfter: 60000</p></div></div></div></div><div class='clearfix'></div><div><ul></ul></div><a href='?config=true&configDebug=true'>view config</a></div></body></html>
	at org.openqa.selenium.remote.ProtocolHandshake.createSession(ProtocolHandshake.java:115)
	at org.openqa.selenium.remote.ProtocolHandshake.createSession(ProtocolHandshake.java:74)
	at org.openqa.selenium.remote.HttpCommandExecutor.execute(HttpCommandExecutor.java:136)
	at org.openqa.selenium.remote.RemoteWebDriver.execute(RemoteWebDriver.java:552)
	at org.openqa.selenium.remote.RemoteWebDriver.startSession(RemoteWebDriver.java:213)
	at org.openqa.selenium.remote.RemoteWebDriver.<init>(RemoteWebDriver.java:131)
	at org.openqa.selenium.remote.RemoteWebDriver.<init>(RemoteWebDriver.java:144)
	at docker.FirefoxTest2.testFF2(FirefoxTest2.java:16)
	at java.util.concurrent.ThreadPoolExecutor.runWorker(ThreadPoolExecutor.java:1149)
	at java.util.concurrent.ThreadPoolExecutor$Worker.run(ThreadPoolExecutor.java:624)
	at java.lang.Thread.run(Thread.java:748)
Caused by: org.openqa.selenium.json.JsonException: Unable to determine type from: <. Last 1 characters read: <
Build info: version: '3.141.59', revision: 'e82be7d358', time: '2018-11-14T08:17:03'
System info: host: 'DESKTOP-0MPBAPB', ip: '10.0.1.102', os.name: 'Windows 10', os.arch: 'amd64', os.version: '10.0', java.version: '1.8.0_231'
Driver info: driver.version: RemoteWebDriver
	at org.openqa.selenium.json.JsonInput.peek(JsonInput.java:122)
	at org.openqa.selenium.json.JsonTypeCoercer.lambda$null$6(JsonTypeCoercer.java:140)
	at org.openqa.selenium.json.JsonTypeCoercer.coerce(JsonTypeCoercer.java:126)
	at org.openqa.selenium.json.Json.toType(Json.java:69)
	at org.openqa.selenium.json.Json.toType(Json.java:55)
	at org.openqa.selenium.json.Json.toType(Json.java:50)
	at org.openqa.selenium.remote.ProtocolHandshake.createSession(ProtocolHandshake.java:112)
	... 20 more
... Removed 10 stack frames]]>
    </failure>
  </testcase> <!-- testFF2 -->
  <testcase name="testFF1" time="0.878" classname="docker.FirefoxTest1">
    <failure type="org.openqa.selenium.WebDriverException" message="Unable to parse remote response: &amp;lt;html&amp;gt;&amp;lt;head&amp;gt;&amp;lt;script src=&amp;apos;/grid/resources/org/openqa/grid/images/jquery-3.1.1.min.js&amp;apos;&amp;gt;&amp;lt;/script&amp;gt;&amp;lt;script src=&amp;apos;/grid/resources/org/openqa/grid/images/consoleservlet.js&amp;apos;&amp;gt;&amp;lt;/script&amp;gt;&amp;lt;link href=&amp;apos;/grid/resources/org/openqa/grid/images/consoleservlet.css&amp;apos; rel=&amp;apos;stylesheet&amp;apos; type=&amp;apos;text/css&amp;apos; /&amp;gt;&amp;lt;link href=&amp;apos;/grid/resources/org/openqa/grid/images/favicon.ico&amp;apos; rel=&amp;apos;icon&amp;apos; type=&amp;apos;image/x-icon&amp;apos; /&amp;gt;&amp;lt;title&amp;gt;Grid Console&amp;lt;/title&amp;gt;&amp;lt;style&amp;gt;.busy { opacity : 0.4;filter: alpha(opacity=40);}&amp;lt;/style&amp;gt;&amp;lt;/head&amp;gt;&amp;lt;body&amp;gt;&amp;lt;div id=&amp;apos;main-content&amp;apos;&amp;gt;&amp;lt;div id=&amp;apos;header&amp;apos;&amp;gt;&amp;lt;h1&amp;gt;&amp;lt;a href=&amp;apos;/grid/console&amp;apos;&amp;gt;Selenium&amp;lt;/a&amp;gt;&amp;lt;/h1&amp;gt;&amp;lt;h2&amp;gt;Grid Console v.3.11.0&amp;lt;/h2&amp;gt;&amp;lt;div&amp;gt;&amp;lt;a id=&amp;apos;helplink&amp;apos; target=&amp;apos;_blank&amp;apos; href=&amp;apos;https://github.com/SeleniumHQ/selenium/wiki/Grid2&amp;apos;&amp;gt;Help&amp;lt;/a&amp;gt;&amp;lt;/div&amp;gt;&amp;lt;/div&amp;gt;&amp;lt;div id=&amp;apos;left-column&amp;apos;&amp;gt;&amp;lt;div class=&amp;apos;proxy&amp;apos;&amp;gt;&amp;lt;p class=&amp;apos;proxyname&amp;apos;&amp;gt;DefaultRemoteProxy (version : 3.11.0)&amp;lt;p class=&amp;apos;proxyid&amp;apos;&amp;gt;id : http://172.21.0.3:5555, OS : LINUX&amp;lt;/p&amp;gt;&amp;lt;div class=&amp;apos;tabs&amp;apos;&amp;gt;&amp;lt;ul&amp;gt;&amp;lt;li class=&amp;apos;tab&amp;apos; type=&amp;apos;browsers&amp;apos;&amp;gt;&amp;lt;a title=&amp;apos;test slots&amp;apos; href=&amp;apos;#&amp;apos;&amp;gt;Browsers&amp;lt;/a&amp;gt;&amp;lt;/li&amp;gt;&amp;lt;li class=&amp;apos;tab&amp;apos; type=&amp;apos;config&amp;apos;&amp;gt;&amp;lt;a title=&amp;apos;node configuration&amp;apos; href=&amp;apos;#&amp;apos;&amp;gt;Configuration&amp;lt;/a&amp;gt;&amp;lt;/li&amp;gt;&amp;lt;/ul&amp;gt;&amp;lt;/div&amp;gt;&amp;lt;div class=&amp;apos;content&amp;apos;&amp;gt;&amp;lt;div type=&amp;apos;browsers&amp;apos; class=&amp;apos;content_detail&amp;apos;&amp;gt;&amp;lt;p class=&amp;apos;protocol&amp;apos; &amp;gt;WebDriver&amp;lt;/p&amp;gt;&amp;lt;p&amp;gt;v:59.0.1&amp;lt;img src=&amp;apos;/grid/resources/org/openqa/grid/images/firefox.png&amp;apos; width=&amp;apos;16&amp;apos; height=&amp;apos;16&amp;apos; title=&amp;apos;{server:CONFIG_UUID=2b3c3581-1e4d-45bd-aafc-48549f10ac21, seleniumProtocol=WebDriver, browserName=firefox, maxInstances=1, moz:firefoxOptions={log={level=info}}, platformName=LINUX, version=59.0.1, applicationName=, platform=LINUX}&amp;apos; /&amp;gt;
&amp;lt;/p&amp;gt;&amp;lt;/div&amp;gt;&amp;lt;div type=&amp;apos;config&amp;apos; class=&amp;apos;content_detail&amp;apos;&amp;gt;&amp;lt;p&amp;gt;browserTimeout: 0&amp;lt;/p&amp;gt;&amp;lt;p&amp;gt;debug: false&amp;lt;/p&amp;gt;&amp;lt;p&amp;gt;jettyMaxThreads: -1&amp;lt;/p&amp;gt;&amp;lt;p&amp;gt;port: 5555&amp;lt;/p&amp;gt;&amp;lt;p&amp;gt;role: node&amp;lt;/p&amp;gt;&amp;lt;p&amp;gt;timeout: 1800&amp;lt;/p&amp;gt;&amp;lt;p&amp;gt;cleanUpCycle: 5000&amp;lt;/p&amp;gt;&amp;lt;p&amp;gt;host: 172.21.0.3&amp;lt;/p&amp;gt;&amp;lt;p&amp;gt;maxSession: 1&amp;lt;/p&amp;gt;&amp;lt;p&amp;gt;capabilities: Capabilities {applicationName: , browserName: firefox, maxInstances: 1, moz:firefoxOptions: {log: {level: info}}, platform: LINUX, platformName: LINUX, seleniumProtocol: WebDriver, server:CONFIG_UUID: 2b3c3581-1e4d-45bd-aafc-485..., version: 59.0.1}&amp;lt;/p&amp;gt;&amp;lt;p&amp;gt;downPollingLimit: 2&amp;lt;/p&amp;gt;&amp;lt;p&amp;gt;hub: http://hub:4444/grid/register&amp;lt;/p&amp;gt;&amp;lt;p&amp;gt;id: http://172.21.0.3:5555&amp;lt;/p&amp;gt;&amp;lt;p&amp;gt;nodePolling: 5000&amp;lt;/p&amp;gt;&amp;lt;p&amp;gt;nodeStatusCheckTimeout: 5000&amp;lt;/p&amp;gt;&amp;lt;p&amp;gt;proxy: org.openqa.grid.selenium.proxy.DefaultRemoteProxy&amp;lt;/p&amp;gt;&amp;lt;p&amp;gt;register: true&amp;lt;/p&amp;gt;&amp;lt;p&amp;gt;registerCycle: 5000&amp;lt;/p&amp;gt;&amp;lt;p&amp;gt;remoteHost: http://172.21.0.3:5555&amp;lt;/p&amp;gt;&amp;lt;p&amp;gt;unregisterIfStillDownAfter: 60000&amp;lt;/p&amp;gt;&amp;lt;/div&amp;gt;&amp;lt;/div&amp;gt;&amp;lt;/div&amp;gt;&amp;lt;div class=&amp;apos;proxy&amp;apos;&amp;gt;&amp;lt;p class=&amp;apos;proxyname&amp;apos;&amp;gt;DefaultRemoteProxy (version : 3.11.0)&amp;lt;p class=&amp;apos;proxyid&amp;apos;&amp;gt;id : http://172.21.0.4:5555, OS : LINUX&amp;lt;/p&amp;gt;&amp;lt;div class=&amp;apos;tabs&amp;apos;&amp;gt;&amp;lt;ul&amp;gt;&amp;lt;li class=&amp;apos;tab&amp;apos; type=&amp;apos;browsers&amp;apos;&amp;gt;&amp;lt;a title=&amp;apos;test slots&amp;apos; href=&amp;apos;#&amp;apos;&amp;gt;Browsers&amp;lt;/a&amp;gt;&amp;lt;/li&amp;gt;&amp;lt;li class=&amp;apos;tab&amp;apos; type=&amp;apos;config&amp;apos;&amp;gt;&amp;lt;a title=&amp;apos;node configuration&amp;apos; href=&amp;apos;#&amp;apos;&amp;gt;Configuration&amp;lt;/a&amp;gt;&amp;lt;/li&amp;gt;&amp;lt;/ul&amp;gt;&amp;lt;/div&amp;gt;&amp;lt;div class=&amp;apos;content&amp;apos;&amp;gt;&amp;lt;div type=&amp;apos;browsers&amp;apos; class=&amp;apos;content_detail&amp;apos;&amp;gt;&amp;lt;p class=&amp;apos;protocol&amp;apos; &amp;gt;WebDriver&amp;lt;/p&amp;gt;&amp;lt;p&amp;gt;v:65.0.3325.162&amp;lt;img src=&amp;apos;/grid/resources/org/openqa/grid/images/chrome.png&amp;apos; width=&amp;apos;16&amp;apos; height=&amp;apos;16&amp;apos; title=&amp;apos;{server:CONFIG_UUID=ab1c37d6-b082-4804-998e-6638fdf76672, seleniumProtocol=WebDriver, browserName=chrome, maxInstances=1, platformName=LINUX, version=65.0.3325.162, applicationName=, platform=LINUX}&amp;apos; /&amp;gt;
&amp;lt;/p&amp;gt;&amp;lt;/div&amp;gt;&amp;lt;div type=&amp;apos;config&amp;apos; class=&amp;apos;content_detail&amp;apos;&amp;gt;&amp;lt;p&amp;gt;browserTimeout: 0&amp;lt;/p&amp;gt;&amp;lt;p&amp;gt;debug: false&amp;lt;/p&amp;gt;&amp;lt;p&amp;gt;jettyMaxThreads: -1&amp;lt;/p&amp;gt;&amp;lt;p&amp;gt;port: 5555&amp;lt;/p&amp;gt;&amp;lt;p&amp;gt;role: node&amp;lt;/p&amp;gt;&amp;lt;p&amp;gt;timeout: 1800&amp;lt;/p&amp;gt;&amp;lt;p&amp;gt;cleanUpCycle: 5000&amp;lt;/p&amp;gt;&amp;lt;p&amp;gt;host: 172.21.0.4&amp;lt;/p&amp;gt;&amp;lt;p&amp;gt;maxSession: 1&amp;lt;/p&amp;gt;&amp;lt;p&amp;gt;capabilities: Capabilities {applicationName: , browserName: chrome, maxInstances: 1, platform: LINUX, platformName: LINUX, seleniumProtocol: WebDriver, server:CONFIG_UUID: ab1c37d6-b082-4804-998e-663..., version: 65.0.3325.162}&amp;lt;/p&amp;gt;&amp;lt;p&amp;gt;downPollingLimit: 2&amp;lt;/p&amp;gt;&amp;lt;p&amp;gt;hub: http://hub:4444/grid/register&amp;lt;/p&amp;gt;&amp;lt;p&amp;gt;id: http://172.21.0.4:5555&amp;lt;/p&amp;gt;&amp;lt;p&amp;gt;nodePolling: 5000&amp;lt;/p&amp;gt;&amp;lt;p&amp;gt;nodeStatusCheckTimeout: 5000&amp;lt;/p&amp;gt;&amp;lt;p&amp;gt;proxy: org.openqa.grid.selenium.proxy.DefaultRemoteProxy&amp;lt;/p&amp;gt;&amp;lt;p&amp;gt;register: true&amp;lt;/p&amp;gt;&amp;lt;p&amp;gt;registerCycle: 5000&amp;lt;/p&amp;gt;&amp;lt;p&amp;gt;remoteHost: http://172.21.0.4:5555&amp;lt;/p&amp;gt;&amp;lt;p&amp;gt;unregisterIfStillDownAfter: 60000&amp;lt;/p&amp;gt;&amp;lt;/div&amp;gt;&amp;lt;/div&amp;gt;&amp;lt;/div&amp;gt;&amp;lt;div class=&amp;apos;proxy&amp;apos;&amp;gt;&amp;lt;p class=&amp;apos;proxyname&amp;apos;&amp;gt;DefaultRemoteProxy (version : 3.11.0)&amp;lt;p class=&amp;apos;proxyid&amp;apos;&amp;gt;id : http://172.21.0.5:5555, OS : LINUX&amp;lt;/p&amp;gt;&amp;lt;div class=&amp;apos;tabs&amp;apos;&amp;gt;&amp;lt;ul&amp;gt;&amp;lt;li class=&amp;apos;tab&amp;apos; type=&amp;apos;browsers&amp;apos;&amp;gt;&amp;lt;a title=&amp;apos;test slots&amp;apos; href=&amp;apos;#&amp;apos;&amp;gt;Browsers&amp;lt;/a&amp;gt;&amp;lt;/li&amp;gt;&amp;lt;li class=&amp;apos;tab&amp;apos; type=&amp;apos;config&amp;apos;&amp;gt;&amp;lt;a title=&amp;apos;node configuration&amp;apos; href=&amp;apos;#&amp;apos;&amp;gt;Configuration&amp;lt;/a&amp;gt;&amp;lt;/li&amp;gt;&amp;lt;/ul&amp;gt;&amp;lt;/div&amp;gt;&amp;lt;div class=&amp;apos;content&amp;apos;&amp;gt;&amp;lt;div type=&amp;apos;browsers&amp;apos; class=&amp;apos;content_detail&amp;apos;&amp;gt;&amp;lt;p class=&amp;apos;protocol&amp;apos; &amp;gt;WebDriver&amp;lt;/p&amp;gt;&amp;lt;p&amp;gt;v:65.0.3325.162&amp;lt;img src=&amp;apos;/grid/resources/org/openqa/grid/images/chrome.png&amp;apos; width=&amp;apos;16&amp;apos; height=&amp;apos;16&amp;apos; title=&amp;apos;{server:CONFIG_UUID=4fef427b-27f3-468d-8c84-f2f120a5a260, seleniumProtocol=WebDriver, browserName=chrome, maxInstances=1, platformName=LINUX, version=65.0.3325.162, applicationName=, platform=LINUX}&amp;apos; /&amp;gt;
&amp;lt;/p&amp;gt;&amp;lt;/div&amp;gt;&amp;lt;div type=&amp;apos;config&amp;apos; class=&amp;apos;content_detail&amp;apos;&amp;gt;&amp;lt;p&amp;gt;browserTimeout: 0&amp;lt;/p&amp;gt;&amp;lt;p&amp;gt;debug: false&amp;lt;/p&amp;gt;&amp;lt;p&amp;gt;jettyMaxThreads: -1&amp;lt;/p&amp;gt;&amp;lt;p&amp;gt;port: 5555&amp;lt;/p&amp;gt;&amp;lt;p&amp;gt;role: node&amp;lt;/p&amp;gt;&amp;lt;p&amp;gt;timeout: 1800&amp;lt;/p&amp;gt;&amp;lt;p&amp;gt;cleanUpCycle: 5000&amp;lt;/p&amp;gt;&amp;lt;p&amp;gt;host: 172.21.0.5&amp;lt;/p&amp;gt;&amp;lt;p&amp;gt;maxSession: 1&amp;lt;/p&amp;gt;&amp;lt;p&amp;gt;capabilities: Capabilities {applicationName: , browserName: chrome, maxInstances: 1, platform: LINUX, platformName: LINUX, seleniumProtocol: WebDriver, server:CONFIG_UUID: 4fef427b-27f3-468d-8c84-f2f..., version: 65.0.3325.162}&amp;lt;/p&amp;gt;&amp;lt;p&amp;gt;downPollingLimit: 2&amp;lt;/p&amp;gt;&amp;lt;p&amp;gt;hub: http://hub:4444/grid/register&amp;lt;/p&amp;gt;&amp;lt;p&amp;gt;id: http://172.21.0.5:5555&amp;lt;/p&amp;gt;&amp;lt;p&amp;gt;nodePolling: 5000&amp;lt;/p&amp;gt;&amp;lt;p&amp;gt;nodeStatusCheckTimeout: 5000&amp;lt;/p&amp;gt;&amp;lt;p&amp;gt;proxy: org.openqa.grid.selenium.proxy.DefaultRemoteProxy&amp;lt;/p&amp;gt;&amp;lt;p&amp;gt;register: true&amp;lt;/p&amp;gt;&amp;lt;p&amp;gt;registerCycle: 5000&amp;lt;/p&amp;gt;&amp;lt;p&amp;gt;remoteHost: http://172.21.0.5:5555&amp;lt;/p&amp;gt;&amp;lt;p&amp;gt;unregisterIfStillDownAfter: 60000&amp;lt;/p&amp;gt;&amp;lt;/div&amp;gt;&amp;lt;/div&amp;gt;&amp;lt;/div&amp;gt;&amp;lt;/div&amp;gt;&amp;lt;div id=&amp;apos;right-column&amp;apos;&amp;gt;&amp;lt;div class=&amp;apos;proxy&amp;apos;&amp;gt;&amp;lt;p class=&amp;apos;proxyname&amp;apos;&amp;gt;DefaultRemoteProxy (version : 3.11.0)&amp;lt;p class=&amp;apos;proxyid&amp;apos;&amp;gt;id : http://172.21.0.6:5555, OS : LINUX&amp;lt;/p&amp;gt;&amp;lt;div class=&amp;apos;tabs&amp;apos;&amp;gt;&amp;lt;ul&amp;gt;&amp;lt;li class=&amp;apos;tab&amp;apos; type=&amp;apos;browsers&amp;apos;&amp;gt;&amp;lt;a title=&amp;apos;test slots&amp;apos; href=&amp;apos;#&amp;apos;&amp;gt;Browsers&amp;lt;/a&amp;gt;&amp;lt;/li&amp;gt;&amp;lt;li class=&amp;apos;tab&amp;apos; type=&amp;apos;config&amp;apos;&amp;gt;&amp;lt;a title=&amp;apos;node configuration&amp;apos; href=&amp;apos;#&amp;apos;&amp;gt;Configuration&amp;lt;/a&amp;gt;&amp;lt;/li&amp;gt;&amp;lt;/ul&amp;gt;&amp;lt;/div&amp;gt;&amp;lt;div class=&amp;apos;content&amp;apos;&amp;gt;&amp;lt;div type=&amp;apos;browsers&amp;apos; class=&amp;apos;content_detail&amp;apos;&amp;gt;&amp;lt;p class=&amp;apos;protocol&amp;apos; &amp;gt;WebDriver&amp;lt;/p&amp;gt;&amp;lt;p&amp;gt;v:65.0.3325.162&amp;lt;img src=&amp;apos;/grid/resources/org/openqa/grid/images/chrome.png&amp;apos; width=&amp;apos;16&amp;apos; height=&amp;apos;16&amp;apos; title=&amp;apos;{server:CONFIG_UUID=f05d5422-363d-4c49-8c39-d76e7c601b54, seleniumProtocol=WebDriver, browserName=chrome, maxInstances=1, platformName=LINUX, version=65.0.3325.162, applicationName=, platform=LINUX}&amp;apos; /&amp;gt;
&amp;lt;/p&amp;gt;&amp;lt;/div&amp;gt;&amp;lt;div type=&amp;apos;config&amp;apos; class=&amp;apos;content_detail&amp;apos;&amp;gt;&amp;lt;p&amp;gt;browserTimeout: 0&amp;lt;/p&amp;gt;&amp;lt;p&amp;gt;debug: false&amp;lt;/p&amp;gt;&amp;lt;p&amp;gt;jettyMaxThreads: -1&amp;lt;/p&amp;gt;&amp;lt;p&amp;gt;port: 5555&amp;lt;/p&amp;gt;&amp;lt;p&amp;gt;role: node&amp;lt;/p&amp;gt;&amp;lt;p&amp;gt;timeout: 1800&amp;lt;/p&amp;gt;&amp;lt;p&amp;gt;cleanUpCycle: 5000&amp;lt;/p&amp;gt;&amp;lt;p&amp;gt;host: 172.21.0.6&amp;lt;/p&amp;gt;&amp;lt;p&amp;gt;maxSession: 1&amp;lt;/p&amp;gt;&amp;lt;p&amp;gt;capabilities: Capabilities {applicationName: , browserName: chrome, maxInstances: 1, platform: LINUX, platformName: LINUX, seleniumProtocol: WebDriver, server:CONFIG_UUID: f05d5422-363d-4c49-8c39-d76..., version: 65.0.3325.162}&amp;lt;/p&amp;gt;&amp;lt;p&amp;gt;downPollingLimit: 2&amp;lt;/p&amp;gt;&amp;lt;p&amp;gt;hub: http://hub:4444/grid/register&amp;lt;/p&amp;gt;&amp;lt;p&amp;gt;id: http://172.21.0.6:5555&amp;lt;/p&amp;gt;&amp;lt;p&amp;gt;nodePolling: 5000&amp;lt;/p&amp;gt;&amp;lt;p&amp;gt;nodeStatusCheckTimeout: 5000&amp;lt;/p&amp;gt;&amp;lt;p&amp;gt;proxy: org.openqa.grid.selenium.proxy.DefaultRemoteProxy&amp;lt;/p&amp;gt;&amp;lt;p&amp;gt;register: true&amp;lt;/p&amp;gt;&amp;lt;p&amp;gt;registerCycle: 5000&amp;lt;/p&amp;gt;&amp;lt;p&amp;gt;remoteHost: http://172.21.0.6:5555&amp;lt;/p&amp;gt;&amp;lt;p&amp;gt;unregisterIfStillDownAfter: 60000&amp;lt;/p&amp;gt;&amp;lt;/div&amp;gt;&amp;lt;/div&amp;gt;&amp;lt;/div&amp;gt;&amp;lt;div class=&amp;apos;proxy&amp;apos;&amp;gt;&amp;lt;p class=&amp;apos;proxyname&amp;apos;&amp;gt;DefaultRemoteProxy (version : 3.11.0)&amp;lt;p class=&amp;apos;proxyid&amp;apos;&amp;gt;id : http://172.21.0.7:5555, OS : LINUX&amp;lt;/p&amp;gt;&amp;lt;div class=&amp;apos;tabs&amp;apos;&amp;gt;&amp;lt;ul&amp;gt;&amp;lt;li class=&amp;apos;tab&amp;apos; type=&amp;apos;browsers&amp;apos;&amp;gt;&amp;lt;a title=&amp;apos;test slots&amp;apos; href=&amp;apos;#&amp;apos;&amp;gt;Browsers&amp;lt;/a&amp;gt;&amp;lt;/li&amp;gt;&amp;lt;li class=&amp;apos;tab&amp;apos; type=&amp;apos;config&amp;apos;&amp;gt;&amp;lt;a title=&amp;apos;node configuration&amp;apos; href=&amp;apos;#&amp;apos;&amp;gt;Configuration&amp;lt;/a&amp;gt;&amp;lt;/li&amp;gt;&amp;lt;/ul&amp;gt;&amp;lt;/div&amp;gt;&amp;lt;div class=&amp;apos;content&amp;apos;&amp;gt;&amp;lt;div type=&amp;apos;browsers&amp;apos; class=&amp;apos;content_detail&amp;apos;&amp;gt;&amp;lt;p class=&amp;apos;protocol&amp;apos; &amp;gt;WebDriver&amp;lt;/p&amp;gt;&amp;lt;p&amp;gt;v:59.0.1&amp;lt;img src=&amp;apos;/grid/resources/org/openqa/grid/images/firefox.png&amp;apos; width=&amp;apos;16&amp;apos; height=&amp;apos;16&amp;apos; title=&amp;apos;{server:CONFIG_UUID=df58f406-0e66-41a6-837e-8e8fc3e4a376, seleniumProtocol=WebDriver, browserName=firefox, maxInstances=1, moz:firefoxOptions={log={level=info}}, platformName=LI
[...]
.6&amp;lt;/p&amp;gt;&amp;lt;p&amp;gt;maxSession: 1&amp;lt;/p&amp;gt;&amp;lt;p&amp;gt;capabilities: Capabilities {applicationName: , browserName: chrome, maxInstances: 1, platform: LINUX, platformName: LINUX, seleniumProtocol: WebDriver, server:CONFIG_UUID: f05d5422-363d-4c49-8c39-d76..., version: 65.0.3325.162}&amp;lt;/p&amp;gt;&amp;lt;p&amp;gt;downPollingLimit: 2&amp;lt;/p&amp;gt;&amp;lt;p&amp;gt;hub: http://hub:4444/grid/register&amp;lt;/p&amp;gt;&amp;lt;p&amp;gt;id: http://172.21.0.6:5555&amp;lt;/p&amp;gt;&amp;lt;p&amp;gt;nodePolling: 5000&amp;lt;/p&amp;gt;&amp;lt;p&amp;gt;nodeStatusCheckTimeout: 5000&amp;lt;/p&amp;gt;&amp;lt;p&amp;gt;proxy: org.openqa.grid.selenium.proxy.DefaultRemoteProxy&amp;lt;/p&amp;gt;&amp;lt;p&amp;gt;register: true&amp;lt;/p&amp;gt;&amp;lt;p&amp;gt;registerCycle: 5000&amp;lt;/p&amp;gt;&amp;lt;p&amp;gt;remoteHost: http://172.21.0.6:5555&amp;lt;/p&amp;gt;&amp;lt;p&amp;gt;unregisterIfStillDownAfter: 60000&amp;lt;/p&amp;gt;&amp;lt;/div&amp;gt;&amp;lt;/div&amp;gt;&amp;lt;/div&amp;gt;&amp;lt;div class=&amp;apos;proxy&amp;apos;&amp;gt;&amp;lt;p class=&amp;apos;proxyname&amp;apos;&amp;gt;DefaultRemoteProxy (version : 3.11.0)&amp;lt;p class=&amp;apos;proxyid&amp;apos;&amp;gt;id : http://172.21.0.7:5555, OS : LINUX&amp;lt;/p&amp;gt;&amp;lt;div class=&amp;apos;tabs&amp;apos;&amp;gt;&amp;lt;ul&amp;gt;&amp;lt;li class=&amp;apos;tab&amp;apos; type=&amp;apos;browsers&amp;apos;&amp;gt;&amp;lt;a title=&amp;apos;test slots&amp;apos; href=&amp;apos;#&amp;apos;&amp;gt;Browsers&amp;lt;/a&amp;gt;&amp;lt;/li&amp;gt;&amp;lt;li class=&amp;apos;tab&amp;apos; type=&amp;apos;config&amp;apos;&amp;gt;&amp;lt;a title=&amp;apos;node configuration&amp;apos; href=&amp;apos;#&amp;apos;&amp;gt;Configuration&amp;lt;/a&amp;gt;&amp;lt;/li&amp;gt;&amp;lt;/ul&amp;gt;&amp;lt;/div&amp;gt;&amp;lt;div class=&amp;apos;content&amp;apos;&amp;gt;&amp;lt;div type=&amp;apos;browsers&amp;apos; class=&amp;apos;content_detail&amp;apos;&amp;gt;&amp;lt;p class=&amp;apos;protocol&amp;apos; &amp;gt;WebDriver&amp;lt;/p&amp;gt;&amp;lt;p&amp;gt;v:59.0.1&amp;lt;img src=&amp;apos;/grid/resources/org/openqa/grid/images/firefox.png&amp;apos; width=&amp;apos;16&amp;apos; height=&amp;apos;16&amp;apos; title=&amp;apos;{server:CONFIG_UUID=df58f406-0e66-41a6-837e-8e8fc3e4a376, seleniumProtocol=WebDriver, browserName=firefox, maxInstances=1, moz:firefoxOptions={log={level=info}}, platformName=LINUX, version=59.0.1, applicationName=, platform=LINUX}&amp;apos; /&amp;gt;
&amp;lt;/p&amp;gt;&amp;lt;/div&amp;gt;&amp;lt;div type=&amp;apos;config&amp;apos; class=&amp;apos;content_detail&amp;apos;&amp;gt;&amp;lt;p&amp;gt;browserTimeout: 0&amp;lt;/p&amp;gt;&amp;lt;p&amp;gt;debug: false&amp;lt;/p&amp;gt;&amp;lt;p&amp;gt;jettyMaxThreads: -1&amp;lt;/p&amp;gt;&amp;lt;p&amp;gt;port: 5555&amp;lt;/p&amp;gt;&amp;lt;p&amp;gt;role: node&amp;lt;/p&amp;gt;&amp;lt;p&amp;gt;timeout: 1800&amp;lt;/p&amp;gt;&amp;lt;p&amp;gt;cleanUpCycle: 5000&amp;lt;/p&amp;gt;&amp;lt;p&amp;gt;host: 172.21.0.7&amp;lt;/p&amp;gt;&amp;lt;p&amp;gt;maxSession: 1&amp;lt;/p&amp;gt;&amp;lt;p&amp;gt;capabilities: Capabilities {applicationName: , browserName: firefox, maxInstances: 1, moz:firefoxOptions: {log: {level: info}}, platform: LINUX, platformName: LINUX, seleniumProtocol: WebDriver, server:CONFIG_UUID: df58f406-0e66-41a6-837e-8e8..., version: 59.0.1}&amp;lt;/p&amp;gt;&amp;lt;p&amp;gt;downPollingLimit: 2&amp;lt;/p&amp;gt;&amp;lt;p&amp;gt;hub: http://hub:4444/grid/register&amp;lt;/p&amp;gt;&amp;lt;p&amp;gt;id: http://172.21.0.7:5555&amp;lt;/p&amp;gt;&amp;lt;p&amp;gt;nodePolling: 5000&amp;lt;/p&amp;gt;&amp;lt;p&amp;gt;nodeStatusCheckTimeout: 5000&amp;lt;/p&amp;gt;&amp;lt;p&amp;gt;proxy: org.openqa.grid.selenium.proxy.DefaultRemoteProxy&amp;lt;/p&amp;gt;&amp;lt;p&amp;gt;register: true&amp;lt;/p&amp;gt;&amp;lt;p&amp;gt;registerCycle: 5000&amp;lt;/p&amp;gt;&amp;lt;p&amp;gt;remoteHost: http://172.21.0.7:5555&amp;lt;/p&amp;gt;&amp;lt;p&amp;gt;unregisterIfStillDownAfter: 60000&amp;lt;/p&amp;gt;&amp;lt;/div&amp;gt;&amp;lt;/div&amp;gt;&amp;lt;/div&amp;gt;&amp;lt;div class=&amp;apos;proxy&amp;apos;&amp;gt;&amp;lt;p class=&amp;apos;proxyname&amp;apos;&amp;gt;DefaultRemoteProxy (version : 3.11.0)&amp;lt;p class=&amp;apos;proxyid&amp;apos;&amp;gt;id : http://172.21.0.8:5555, OS : LINUX&amp;lt;/p&amp;gt;&amp;lt;div class=&amp;apos;tabs&amp;apos;&amp;gt;&amp;lt;ul&amp;gt;&amp;lt;li class=&amp;apos;tab&amp;apos; type=&amp;apos;browsers&amp;apos;&amp;gt;&amp;lt;a title=&amp;apos;test slots&amp;apos; href=&amp;apos;#&amp;apos;&amp;gt;Browsers&amp;lt;/a&amp;gt;&amp;lt;/li&amp;gt;&amp;lt;li class=&amp;apos;tab&amp;apos; type=&amp;apos;config&amp;apos;&amp;gt;&amp;lt;a title=&amp;apos;node configuration&amp;apos; href=&amp;apos;#&amp;apos;&amp;gt;Configuration&amp;lt;/a&amp;gt;&amp;lt;/li&amp;gt;&amp;lt;/ul&amp;gt;&amp;lt;/div&amp;gt;&amp;lt;div class=&amp;apos;content&amp;apos;&amp;gt;&amp;lt;div type=&amp;apos;browsers&amp;apos; class=&amp;apos;content_detail&amp;apos;&amp;gt;&amp;lt;p class=&amp;apos;protocol&amp;apos; &amp;gt;WebDriver&amp;lt;/p&amp;gt;&amp;lt;p&amp;gt;v:59.0.1&amp;lt;img src=&amp;apos;/grid/resources/org/openqa/grid/images/firefox.png&amp;apos; width=&amp;apos;16&amp;apos; height=&amp;apos;16&amp;apos; title=&amp;apos;{server:CONFIG_UUID=a0e08d78-2490-4e88-ac30-038567f9c485, seleniumProtocol=WebDriver, browserName=firefox, maxInstances=1, moz:firefoxOptions={log={level=info}}, platformName=LINUX, version=59.0.1, applicationName=, platform=LINUX}&amp;apos; /&amp;gt;
&amp;lt;/p&amp;gt;&amp;lt;/div&amp;gt;&amp;lt;div type=&amp;apos;config&amp;apos; class=&amp;apos;content_detail&amp;apos;&amp;gt;&amp;lt;p&amp;gt;browserTimeout: 0&amp;lt;/p&amp;gt;&amp;lt;p&amp;gt;debug: false&amp;lt;/p&amp;gt;&amp;lt;p&amp;gt;jettyMaxThreads: -1&amp;lt;/p&amp;gt;&amp;lt;p&amp;gt;port: 5555&amp;lt;/p&amp;gt;&amp;lt;p&amp;gt;role: node&amp;lt;/p&amp;gt;&amp;lt;p&amp;gt;timeout: 1800&amp;lt;/p&amp;gt;&amp;lt;p&amp;gt;cleanUpCycle: 5000&amp;lt;/p&amp;gt;&amp;lt;p&amp;gt;host: 172.21.0.8&amp;lt;/p&amp;gt;&amp;lt;p&amp;gt;maxSession: 1&amp;lt;/p&amp;gt;&amp;lt;p&amp;gt;capabilities: Capabilities {applicationName: , browserName: firefox, maxInstances: 1, moz:firefoxOptions: {log: {level: info}}, platform: LINUX, platformName: LINUX, seleniumProtocol: WebDriver, server:CONFIG_UUID: a0e08d78-2490-4e88-ac30-038..., version: 59.0.1}&amp;lt;/p&amp;gt;&amp;lt;p&amp;gt;downPollingLimit: 2&amp;lt;/p&amp;gt;&amp;lt;p&amp;gt;hub: http://hub:4444/grid/register&amp;lt;/p&amp;gt;&amp;lt;p&amp;gt;id: http://172.21.0.8:5555&amp;lt;/p&amp;gt;&amp;lt;p&amp;gt;nodePolling: 5000&amp;lt;/p&amp;gt;&amp;lt;p&amp;gt;nodeStatusCheckTimeout: 5000&amp;lt;/p&amp;gt;&amp;lt;p&amp;gt;proxy: org.openqa.grid.selenium.proxy.DefaultRemoteProxy&amp;lt;/p&amp;gt;&amp;lt;p&amp;gt;register: true&amp;lt;/p&amp;gt;&amp;lt;p&amp;gt;registerCycle: 5000&amp;lt;/p&amp;gt;&amp;lt;p&amp;gt;remoteHost: http://172.21.0.8:5555&amp;lt;/p&amp;gt;&amp;lt;p&amp;gt;unregisterIfStillDownAfter: 60000&amp;lt;/p&amp;gt;&amp;lt;/div&amp;gt;&amp;lt;/div&amp;gt;&amp;lt;/div&amp;gt;&amp;lt;/div&amp;gt;&amp;lt;div class=&amp;apos;clearfix&amp;apos;&amp;gt;&amp;lt;/div&amp;gt;&amp;lt;div&amp;gt;&amp;lt;ul&amp;gt;&amp;lt;/ul&amp;gt;&amp;lt;/div&amp;gt;&amp;lt;a href=&amp;apos;?config=true&amp;amp;configDebug=true&amp;apos;&amp;gt;view config&amp;lt;/a&amp;gt;&amp;lt;/div&amp;gt;&amp;lt;/body&amp;gt;&amp;lt;/html&amp;gt;">
      <![CDATA[org.openqa.selenium.WebDriverException: Unable to parse remote response: <html><head><script src='/grid/resources/org/openqa/grid/images/jquery-3.1.1.min.js'></script><script src='/grid/resources/org/openqa/grid/images/consoleservlet.js'></script><link href='/grid/resources/org/openqa/grid/images/consoleservlet.css' rel='stylesheet' type='text/css' /><link href='/grid/resources/org/openqa/grid/images/favicon.ico' rel='icon' type='image/x-icon' /><title>Grid Console</title><style>.busy { opacity : 0.4;filter: alpha(opacity=40);}</style></head><body><div id='main-content'><div id='header'><h1><a href='/grid/console'>Selenium</a></h1><h2>Grid Console v.3.11.0</h2><div><a id='helplink' target='_blank' href='https://github.com/SeleniumHQ/selenium/wiki/Grid2'>Help</a></div></div><div id='left-column'><div class='proxy'><p class='proxyname'>DefaultRemoteProxy (version : 3.11.0)<p class='proxyid'>id : http://172.21.0.3:5555, OS : LINUX</p><div class='tabs'><ul><li class='tab' type='browsers'><a title='test slots' href='#'>Browsers</a></li><li class='tab' type='config'><a title='node configuration' href='#'>Configuration</a></li></ul></div><div class='content'><div type='browsers' class='content_detail'><p class='protocol' >WebDriver</p><p>v:59.0.1<img src='/grid/resources/org/openqa/grid/images/firefox.png' width='16' height='16' title='{server:CONFIG_UUID=2b3c3581-1e4d-45bd-aafc-48549f10ac21, seleniumProtocol=WebDriver, browserName=firefox, maxInstances=1, moz:firefoxOptions={log={level=info}}, platformName=LINUX, version=59.0.1, applicationName=, platform=LINUX}' />
</p></div><div type='config' class='content_detail'><p>browserTimeout: 0</p><p>debug: false</p><p>jettyMaxThreads: -1</p><p>port: 5555</p><p>role: node</p><p>timeout: 1800</p><p>cleanUpCycle: 5000</p><p>host: 172.21.0.3</p><p>maxSession: 1</p><p>capabilities: Capabilities {applicationName: , browserName: firefox, maxInstances: 1, moz:firefoxOptions: {log: {level: info}}, platform: LINUX, platformName: LINUX, seleniumProtocol: WebDriver, server:CONFIG_UUID: 2b3c3581-1e4d-45bd-aafc-485..., version: 59.0.1}</p><p>downPollingLimit: 2</p><p>hub: http://hub:4444/grid/register</p><p>id: http://172.21.0.3:5555</p><p>nodePolling: 5000</p><p>nodeStatusCheckTimeout: 5000</p><p>proxy: org.openqa.grid.selenium.proxy.DefaultRemoteProxy</p><p>register: true</p><p>registerCycle: 5000</p><p>remoteHost: http://172.21.0.3:5555</p><p>unregisterIfStillDownAfter: 60000</p></div></div></div><div class='proxy'><p class='proxyname'>DefaultRemoteProxy (version : 3.11.0)<p class='proxyid'>id : http://172.21.0.4:5555, OS : LINUX</p><div class='tabs'><ul><li class='tab' type='browsers'><a title='test slots' href='#'>Browsers</a></li><li class='tab' type='config'><a title='node configuration' href='#'>Configuration</a></li></ul></div><div class='content'><div type='browsers' class='content_detail'><p class='protocol' >WebDriver</p><p>v:65.0.3325.162<img src='/grid/resources/org/openqa/grid/images/chrome.png' width='16' height='16' title='{server:CONFIG_UUID=ab1c37d6-b082-4804-998e-6638fdf76672, seleniumProtocol=WebDriver, browserName=chrome, maxInstances=1, platformName=LINUX, version=65.0.3325.162, applicationName=, platform=LINUX}' />
</p></div><div type='config' class='content_detail'><p>browserTimeout: 0</p><p>debug: false</p><p>jettyMaxThreads: -1</p><p>port: 5555</p><p>role: node</p><p>timeout: 1800</p><p>cleanUpCycle: 5000</p><p>host: 172.21.0.4</p><p>maxSession: 1</p><p>capabilities: Capabilities {applicationName: , browserName: chrome, maxInstances: 1, platform: LINUX, platformName: LINUX, seleniumProtocol: WebDriver, server:CONFIG_UUID: ab1c37d6-b082-4804-998e-663..., version: 65.0.3325.162}</p><p>downPollingLimit: 2</p><p>hub: http://hub:4444/grid/register</p><p>id: http://172.21.0.4:5555</p><p>nodePolling: 5000</p><p>nodeStatusCheckTimeout: 5000</p><p>proxy: org.openqa.grid.selenium.proxy.DefaultRemoteProxy</p><p>register: true</p><p>registerCycle: 5000</p><p>remoteHost: http://172.21.0.4:5555</p><p>unregisterIfStillDownAfter: 60000</p></div></div></div><div class='proxy'><p class='proxyname'>DefaultRemoteProxy (version : 3.11.0)<p class='proxyid'>id : http://172.21.0.5:5555, OS : LINUX</p><div class='tabs'><ul><li class='tab' type='browsers'><a title='test slots' href='#'>Browsers</a></li><li class='tab' type='config'><a title='node configuration' href='#'>Configuration</a></li></ul></div><div class='content'><div type='browsers' class='content_detail'><p class='protocol' >WebDriver</p><p>v:65.0.3325.162<img src='/grid/resources/org/openqa/grid/images/chrome.png' width='16' height='16' title='{server:CONFIG_UUID=4fef427b-27f3-468d-8c84-f2f120a5a260, seleniumProtocol=WebDriver, browserName=chrome, maxInstances=1, platformName=LINUX, version=65.0.3325.162, applicationName=, platform=LINUX}' />
</p></div><div type='config' class='content_detail'><p>browserTimeout: 0</p><p>debug: false</p><p>jettyMaxThreads: -1</p><p>port: 5555</p><p>role: node</p><p>timeout: 1800</p><p>cleanUpCycle: 5000</p><p>host: 172.21.0.5</p><p>maxSession: 1</p><p>capabilities: Capabilities {applicationName: , browserName: chrome, maxInstances: 1, platform: LINUX, platformName: LINUX, seleniumProtocol: WebDriver, server:CONFIG_UUID: 4fef427b-27f3-468d-8c84-f2f..., version: 65.0.3325.162}</p><p>downPollingLimit: 2</p><p>hub: http://hub:4444/grid/register</p><p>id: http://172.21.0.5:5555</p><p>nodePolling: 5000</p><p>nodeStatusCheckTimeout: 5000</p><p>proxy: org.openqa.grid.selenium.proxy.DefaultRemoteProxy</p><p>register: true</p><p>registerCycle: 5000</p><p>remoteHost: http://172.21.0.5:5555</p><p>unregisterIfStillDownAfter: 60000</p></div></div></div></div><div id='right-column'><div class='proxy'><p class='proxyname'>DefaultRemoteProxy (version : 3.11.0)<p class='proxyid'>id : http://172.21.0.6:5555, OS : LINUX</p><div class='tabs'><ul><li class='tab' type='browsers'><a title='test slots' href='#'>Browsers</a></li><li class='tab' type='config'><a title='node configuration' href='#'>Configuration</a></li></ul></div><div class='content'><div type='browsers' class='content_detail'><p class='protocol' >WebDriver</p><p>v:65.0.3325.162<img src='/grid/resources/org/openqa/grid/images/chrome.png' width='16' height='16' title='{server:CONFIG_UUID=f05d5422-363d-4c49-8c39-d76e7c601b54, seleniumProtocol=WebDriver, browserName=chrome, maxInstances=1, platformName=LINUX, version=65.0.3325.162, applicationName=, platform=LINUX}' />
</p></div><div type='config' class='content_detail'><p>browserTimeout: 0</p><p>debug: false</p><p>jettyMaxThreads: -1</p><p>port: 5555</p><p>role: node</p><p>timeout: 1800</p><p>cleanUpCycle: 5000</p><p>host: 172.21.0.6</p><p>maxSession: 1</p><p>capabilities: Capabilities {applicationName: , browserName: chrome, maxInstances: 1, platform: LINUX, platformName: LINUX, seleniumProtocol: WebDriver, server:CONFIG_UUID: f05d5422-363d-4c49-8c39-d76..., version: 65.0.3325.162}</p><p>downPollingLimit: 2</p><p>hub: http://hub:4444/grid/register</p><p>id: http://172.21.0.6:5555</p><p>nodePolling: 5000</p><p>nodeStatusCheckTimeout: 5000</p><p>proxy: org.openqa.grid.selenium.proxy.DefaultRemoteProxy</p><p>register: true</p><p>registerCycle: 5000</p><p>remoteHost: http://172.21.0.6:5555</p><p>unregisterIfStillDownAfter: 60000</p></div></div></div><div class='proxy'><p class='proxyname'>DefaultRemoteProxy (version : 3.11.0)<p class='proxyid'>id : http://172.21.0.7:5555, OS : LINUX</p><div class='tabs'><ul><li class='tab' type='browsers'><a title='test slots' href='#'>Browsers</a></li><li class='tab' type='config'><a title='node configuration' href='#'>Configuration</a></li></ul></div><div class='content'><div type='browsers' class='content_detail'><p class='protocol' >WebDriver</p><p>v:59.0.1<img src='/grid/resources/org/openqa/grid/images/firefox.png' width='16' height='16' title='{server:CONFIG_UUID=df58f406-0e66-41a6-837e-8e8fc3e4a376, seleniumProtocol=WebDriver, browserName=firefox, maxInstances=1, moz:firefoxOptions={log={level=info}}, platformName=LINUX, version=59.0.1, applicationName=, platform=LINUX}' />
</p></div><div type='config' class='content_detail'><p>browserTimeout: 0</p><p>debug: false</p><p>jettyMaxThreads: -1</p><p>port: 5555</p><p>role: node</p><p>timeout: 1800</p><p>cleanUpCycle: 5000</p><p>host: 172.21.0.7</p><p>maxSession: 1</p><p>capabilities: Capabilities {applicationName: , browserName: firefox, maxInstances: 1, moz:firefoxOptions: {log: {level: info}}, platform: LINUX, platformName: LINUX, seleniumProtocol: WebDriver, server:CONFIG_UUID: df58f406-0e66-41a6-837e-8e8..., version: 59.0.1}</p><p>downPollingLimit: 2</p><p>hub: http://hub:4444/grid/register</p><p>id: http://172.21.0.7:5555</p><p>nodePolling: 5000</p><p>nodeStatusCheckTimeout: 5000</p><p>proxy: org.openqa.grid.selenium.proxy.DefaultRemoteProxy</p><p>register: true</p><p>registerCycle: 5000</p><p>remoteHost: http://172.21.0.7:5555</p><p>unregisterIfStillDownAfter: 60000</p></div></div></div><div class='proxy'><p class='proxyname'>DefaultRemoteProxy (version : 3.11.0)<p class='proxyid'>id : http://172.21.0.8:5555, OS : LINUX</p><div class='tabs'><ul><li class='tab' type='browsers'><a title='test slots' href='#'>Browsers</a></li><li class='tab' type='config'><a title='node configuration' href='#'>Configuration</a></li></ul></div><div class='content'><div type='browsers' class='content_detail'><p class='protocol' >WebDriver</p><p>v:59.0.1<img src='/grid/resources/org/openqa/grid/images/firefox.png' width='16' height='16' title='{server:CONFIG_UUID=a0e08d78-2490-4e88-ac30-038567f9c485, seleniumProtocol=WebDriver, browserName=firefox, maxInstances=1, moz:firefoxOptions={log={level=info}}, platformName=LINUX, version=59.0.1, applicationName=, platform=LINUX}' />
</p></div><div type='config' class='content_detail'><p>browserTimeout: 0</p><p>debug: false</p><p>jettyMaxThreads: -1</p><p>port: 5555</p><p>role: node</p><p>timeout: 1800</p><p>cleanUpCycle: 5000</p><p>host: 172.21.0.8</p><p>maxSession: 1</p><p>capabilities: Capabilities {applicationName: , browserName: firefox, maxInstances: 1, moz:firefoxOptions: {log: {level: info}}, platform: LINUX, platformName: LINUX, seleniumProtocol: WebDriver, server:CONFIG_UUID: a0e08d78-2490-4e88-ac30-038..., version: 59.0.1}</p><p>downPollingLimit: 2</p><p>hub: http://hub:4444/grid/register</p><p>id: http://172.21.0.8:5555</p><p>nodePolling: 5000</p><p>nodeStatusCheckTimeout: 5000</p><p>proxy: org.openqa.grid.selenium.proxy.DefaultRemoteProxy</p><p>register: true</p><p>registerCycle: 5000</p><p>remoteHost: http://172.21.0.8:5555</p><p>unregisterIfStillDownAfter: 60000</p></div></div></div></div><div class='clearfix'></div><div><ul></ul></div><a href='?config=true&configDebug=true'>view config</a></div></body></html>
	at org.openqa.selenium.remote.ProtocolHandshake.createSession(ProtocolHandshake.java:115)
	at org.openqa.selenium.remote.ProtocolHandshake.createSession(ProtocolHandshake.java:74)
	at org.openqa.selenium.remote.HttpCommandExecutor.execute(HttpCommandExecutor.java:136)
	at org.openqa.selenium.remote.RemoteWebDriver.execute(RemoteWebDriver.java:552)
	at org.openqa.selenium.remote.RemoteWebDriver.startSession(RemoteWebDriver.java:213)
	at org.openqa.selenium.remote.RemoteWebDriver.<init>(RemoteWebDriver.java:131)
	at org.openqa.selenium.remote.RemoteWebDriver.<init>(RemoteWebDriver.java:144)
	at docker.FirefoxTest3.testFF3(FirefoxTest3.java:16)
	at java.util.concurrent.ThreadPoolExecutor.runWorker(ThreadPoolExecutor.java:1149)
	at java.util.concurrent.ThreadPoolExecutor$Worker.run(ThreadPoolExecutor.java:624)
	at java.lang.Thread.run(Thread.java:748)
Caused by: org.openqa.selenium.json.JsonException: Unable to determine type from: <. Last 1 characters read: <
Build info: version: '3.141.59', revision: 'e82be7d358', time: '2018-11-14T08:17:03'
System info: host: 'DESKTOP-0MPBAPB', ip: '10.0.1.102', os.name: 'Windows 10', os.arch: 'amd64', os.version: '10.0', java.version: '1.8.0_231'
Driver info: driver.version: RemoteWebDriver
	at org.openqa.selenium.json.JsonInput.peek(JsonInput.java:122)
	at org.openqa.selenium.json.JsonTypeCoercer.lambda$null$6(JsonTypeCoercer.java:140)
	at org.openqa.selenium.json.JsonTypeCoercer.coerce(JsonTypeCoercer.java:126)
	at org.openqa.selenium.json.Json.toType(Json.java:69)
	at org.openqa.selenium.json.Json.toType(Json.java:55)
	at org.openqa.selenium.json.Json.toType(Json.java:50)
	at org.openqa.selenium.remote.ProtocolHandshake.createSession(ProtocolHandshake.java:112)
	... 20 more
... Removed 10 stack frames]]>
    </failure>
  </testcase> <!-- testFF3 -->
</testsuite> <!-- Test(failed) -->
