<?xml version="1.0" encoding="UTF-8"?>
<!-- Generated by org.testng.reporters.JUnitXMLReporter -->
<testsuite hostname="DESKTOP-0MPBAPB" ignored="0" name="Test" tests="6" failures="0" timestamp="29 Mar 2020 03:03:08 GMT" time="51.398" errors="0">
  <testcase name="testCR2" time="6.494" classname="docker.ChromeTest2"/>
  <testcase name="testFF3" time="26.797" classname="docker.FirefoxTest3"/>
  <testcase name="testCR3" time="27.152" classname="docker.ChromeTest3"/>
  <testcase name="testCR1" time="30.801" classname="docker.ChromeTest1"/>
  <testcase name="testFF1" time="37.615" classname="docker.FirefoxTest1"/>
  <testcase name="testFF2" time="44.882" classname="docker.FirefoxTest2"/>
</testsuite> <!-- Test -->
