<?xml version="1.0" encoding="UTF-8"?>
<!-- Generated by org.testng.reporters.JUnitXMLReporter -->
<testsuite hostname="DESKTOP-0MPBAPB" ignored="0" name="Default test" tests="1" failures="1" timestamp="29 Mar 2020 00:06:18 GMT" time="0.768" errors="0">
  <testcase name="testCR1" time="0.747" classname="docker.ChromeTest1">
    <failure type="org.openqa.selenium.WebDriverException" message="Unable to parse remote response: &amp;lt;html&amp;gt;&amp;lt;head&amp;gt;&amp;lt;script src=&amp;apos;/grid/resources/org/openqa/grid/images/jquery-3.1.1.min.js&amp;apos;&amp;gt;&amp;lt;/script&amp;gt;&amp;lt;script src=&amp;apos;/grid/resources/org/openqa/grid/images/consoleservlet.js&amp;apos;&amp;gt;&amp;lt;/script&amp;gt;&amp;lt;link href=&amp;apos;/grid/resources/org/openqa/grid/images/consoleservlet.css&amp;apos; rel=&amp;apos;stylesheet&amp;apos; type=&amp;apos;text/css&amp;apos; /&amp;gt;&amp;lt;link href=&amp;apos;/grid/resources/org/openqa/grid/images/favicon.ico&amp;apos; rel=&amp;apos;icon&amp;apos; type=&amp;apos;image/x-icon&amp;apos; /&amp;gt;&amp;lt;title&amp;gt;Grid Console&amp;lt;/title&amp;gt;&amp;lt;style&amp;gt;.busy { opacity : 0.4;filter: alpha(opacity=40);}&amp;lt;/style&amp;gt;&amp;lt;/head&amp;gt;&amp;lt;body&amp;gt;&amp;lt;div id=&amp;apos;main-content&amp;apos;&amp;gt;&amp;lt;div id=&amp;apos;header&amp;apos;&amp;gt;&amp;lt;h1&amp;gt;&amp;lt;a href=&amp;apos;/grid/console&amp;apos;&amp;gt;Selenium&amp;lt;/a&amp;gt;&amp;lt;/h1&amp;gt;&amp;lt;h2&amp;gt;Grid Console v.3.11.0&amp;lt;/h2&amp;gt;&amp;lt;div&amp;gt;&amp;lt;a id=&amp;apos;helplink&amp;apos; target=&amp;apos;_blank&amp;apos; href=&amp;apos;https://github.com/SeleniumHQ/selenium/wiki/Grid2&amp;apos;&amp;gt;Help&amp;lt;/a&amp;gt;&amp;lt;/div&amp;gt;&amp;lt;/div&amp;gt;&amp;lt;div id=&amp;apos;left-column&amp;apos;&amp;gt;&amp;lt;div class=&amp;apos;proxy&amp;apos;&amp;gt;&amp;lt;p class=&amp;apos;proxyname&amp;apos;&amp;gt;DefaultRemoteProxy (version : 3.11.0)&amp;lt;p class=&amp;apos;proxyid&amp;apos;&amp;gt;id : http://172.21.0.4:5555, OS : LINUX&amp;lt;/p&amp;gt;&amp;lt;div class=&amp;apos;tabs&amp;apos;&amp;gt;&amp;lt;ul&amp;gt;&amp;lt;li class=&amp;apos;tab&amp;apos; type=&amp;apos;browsers&amp;apos;&amp;gt;&amp;lt;a title=&amp;apos;test slots&amp;apos; href=&amp;apos;#&amp;apos;&amp;gt;Browsers&amp;lt;/a&amp;gt;&amp;lt;/li&amp;gt;&amp;lt;li class=&amp;apos;tab&amp;apos; type=&amp;apos;config&amp;apos;&amp;gt;&amp;lt;a title=&amp;apos;node configuration&amp;apos; href=&amp;apos;#&amp;apos;&amp;gt;Configuration&amp;lt;/a&amp;gt;&amp;lt;/li&amp;gt;&amp;lt;/ul&amp;gt;&amp;lt;/div&amp;gt;&amp;lt;div class=&amp;apos;content&amp;apos;&amp;gt;&amp;lt;div type=&amp;apos;browsers&amp;apos; class=&amp;apos;content_detail&amp;apos;&amp;gt;&amp;lt;p class=&amp;apos;protocol&amp;apos; &amp;gt;WebDriver&amp;lt;/p&amp;gt;&amp;lt;p&amp;gt;v:59.0.1&amp;lt;img src=&amp;apos;/grid/resources/org/openqa/grid/images/firefox.png&amp;apos; width=&amp;apos;16&amp;apos; height=&amp;apos;16&amp;apos; title=&amp;apos;{server:CONFIG_UUID=fc645362-e9e4-480c-a2d3-1a010eee17fc, seleniumProtocol=WebDriver, browserName=firefox, maxInstances=1, moz:firefoxOptions={log={level=info}}, platformName=LINUX, version=59.0.1, applicationName=, platform=LINUX}&amp;apos; /&amp;gt;
&amp;lt;/p&amp;gt;&amp;lt;/div&amp;gt;&amp;lt;div type=&amp;apos;config&amp;apos; class=&amp;apos;content_detail&amp;apos;&amp;gt;&amp;lt;p&amp;gt;browserTimeout: 0&amp;lt;/p&amp;gt;&amp;lt;p&amp;gt;debug: false&amp;lt;/p&amp;gt;&amp;lt;p&amp;gt;jettyMaxThreads: -1&amp;lt;/p&amp;gt;&amp;lt;p&amp;gt;port: 5555&amp;lt;/p&amp;gt;&amp;lt;p&amp;gt;role: node&amp;lt;/p&amp;gt;&amp;lt;p&amp;gt;timeout: 1800&amp;lt;/p&amp;gt;&amp;lt;p&amp;gt;cleanUpCycle: 5000&amp;lt;/p&amp;gt;&amp;lt;p&amp;gt;host: 172.21.0.4&amp;lt;/p&amp;gt;&amp;lt;p&amp;gt;maxSession: 1&amp;lt;/p&amp;gt;&amp;lt;p&amp;gt;capabilities: Capabilities {applicationName: , browserName: firefox, maxInstances: 1, moz:firefoxOptions: {log: {level: info}}, platform: LINUX, platformName: LINUX, seleniumProtocol: WebDriver, server:CONFIG_UUID: fc645362-e9e4-480c-a2d3-1a0..., version: 59.0.1}&amp;lt;/p&amp;gt;&amp;lt;p&amp;gt;downPollingLimit: 2&amp;lt;/p&amp;gt;&amp;lt;p&amp;gt;hub: http://hub:4444/grid/register&amp;lt;/p&amp;gt;&amp;lt;p&amp;gt;id: http://172.21.0.4:5555&amp;lt;/p&amp;gt;&amp;lt;p&amp;gt;nodePolling: 5000&amp;lt;/p&amp;gt;&amp;lt;p&amp;gt;nodeStatusCheckTimeout: 5000&amp;lt;/p&amp;gt;&amp;lt;p&amp;gt;proxy: org.openqa.grid.selenium.proxy.DefaultRemoteProxy&amp;lt;/p&amp;gt;&amp;lt;p&amp;gt;register: true&amp;lt;/p&amp;gt;&amp;lt;p&amp;gt;registerCycle: 5000&amp;lt;/p&amp;gt;&amp;lt;p&amp;gt;remoteHost: http://172.21.0.4:5555&amp;lt;/p&amp;gt;&amp;lt;p&amp;gt;unregisterIfStillDownAfter: 60000&amp;lt;/p&amp;gt;&amp;lt;/div&amp;gt;&amp;lt;/div&amp;gt;&amp;lt;/div&amp;gt;&amp;lt;/div&amp;gt;&amp;lt;div id=&amp;apos;right-column&amp;apos;&amp;gt;&amp;lt;div class=&amp;apos;proxy&amp;apos;&amp;gt;&amp;lt;p class=&amp;apos;proxyname&amp;apos;&amp;gt;DefaultRemoteProxy (version : 3.11.0)&amp;lt;p class=&amp;apos;proxyid&amp;apos;&amp;gt;id : http://172.21.0.3:5555, OS : LINUX&amp;lt;/p&amp;gt;&amp;lt;div class=&amp;apos;tabs&amp;apos;&amp;gt;&amp;lt;ul&amp;gt;&amp;lt;li class=&amp;apos;tab&amp;apos; type=&amp;apos;browsers&amp;apos;&amp;gt;&amp;lt;a title=&amp;apos;test slots&amp;apos; href=&amp;apos;#&amp;apos;&amp;gt;Browsers&amp;lt;/a&amp;gt;&amp;lt;/li&amp;gt;&amp;lt;li class=&amp;apos;tab&amp;apos; type=&amp;apos;config&amp;apos;&amp;gt;&amp;lt;a title=&amp;apos;node configuration&amp;apos; href=&amp;apos;#&amp;apos;&amp;gt;Configuration&amp;lt;/a&amp;gt;&amp;lt;/li&amp;gt;&amp;lt;/ul&amp;gt;&amp;lt;/div&amp;gt;&amp;lt;div class=&amp;apos;content&amp;apos;&amp;gt;&amp;lt;div type=&amp;apos;browsers&amp;apos; class=&amp;apos;content_detail&amp;apos;&amp;gt;&amp;lt;p class=&amp;apos;protocol&amp;apos; &amp;gt;WebDriver&amp;lt;/p&amp;gt;&amp;lt;p&amp;gt;v:65.0.3325.162&amp;lt;img src=&amp;apos;/grid/resources/org/openqa/grid/images/chrome.png&amp;apos; width=&amp;apos;16&amp;apos; height=&amp;apos;16&amp;apos; title=&amp;apos;{server:CONFIG_UUID=577f58d9-afbb-49a8-a033-9f9ee590b365, seleniumProtocol=WebDriver, browserName=chrome, maxInstances=1, platformName=LINUX, version=65.0.3325.162, applicationName=, platform=LINUX}&amp;apos; /&amp;gt;
&amp;lt;/p&amp;gt;&amp;lt;/div&amp;gt;&amp;lt;div type=&amp;apos;config&amp;apos; class=&amp;apos;content_detail&amp;apos;&amp;gt;&amp;lt;p&amp;gt;browserTimeout: 0&amp;lt;/p&amp;gt;&amp;lt;p&amp;gt;debug: false&amp;lt;/p&amp;gt;&amp;lt;p&amp;gt;jettyMaxThreads: -1&amp;lt;/p&amp;gt;&amp;lt;p&amp;gt;port: 5555&amp;lt;/p&amp;gt;&amp;lt;p&amp;gt;role: node&amp;lt;/p&amp;gt;&amp;lt;p&amp;gt;timeout: 1800&amp;lt;/p&amp;gt;&amp;lt;p&amp;gt;cleanUpCycle: 5000&amp;lt;/p&amp;gt;&amp;lt;p&amp;gt;host: 172.21.0.3&amp;lt;/p&amp;gt;&amp;lt;p&amp;gt;maxSession: 1&amp;lt;/p&amp;gt;&amp;lt;p&amp;gt;capabilities: Capabilities {applicationName: , browserName: chrome, maxInstances: 1, platform: LINUX, platformName: LINUX, seleniumProtocol: WebDriver, server:CONFIG_UUID: 577f58d9-afbb-49a8-a033-9f9..., version: 65.0.3325.162}&amp;lt;/p&amp;gt;&amp;lt;p&amp;gt;downPollingLimit: 2&amp;lt;/p&amp;gt;&amp;lt;p&amp;gt;hub: http://hub:4444/grid/register&amp;lt;/p&amp;gt;&amp;lt;p&amp;gt;id: http://172.21.0.3:5555&amp;lt;/p&amp;gt;&amp;lt;p&amp;gt;nodePolling: 5000&amp;lt;/p&amp;gt;&amp;lt;p&amp;gt;nodeStatusCheckTimeout: 5000&amp;lt;/p&amp;gt;&amp;lt;p&amp;gt;proxy: org.openqa.grid.selenium.proxy.DefaultRemoteProxy&amp;lt;/p&amp;gt;&amp;lt;p&amp;gt;register: true&amp;lt;/p&amp;gt;&amp;lt;p&amp;gt;registerCycle: 5000&amp;lt;/p&amp;gt;&amp;lt;p&amp;gt;remoteHost: http://172.21.0.3:5555&amp;lt;/p&amp;gt;&amp;lt;p&amp;gt;unregisterIfStillDownAfter: 60000&amp;lt;/p&amp;gt;&amp;lt;/div&amp;gt;&amp;lt;/div&amp;gt;&amp;lt;/div&amp;gt;&amp;lt;/div&amp;gt;&amp;lt;div class=&amp;apos;clearfix&amp;apos;&amp;gt;&amp;lt;/div&amp;gt;&amp;lt;div&amp;gt;&amp;lt;ul&amp;gt;&amp;lt;/ul&amp;gt;&amp;lt;/div&amp;gt;&amp;lt;a href=&amp;apos;?config=true&amp;amp;configDebug=true&amp;apos;&amp;gt;view config&amp;lt;/a&amp;gt;&amp;lt;/div&amp;gt;&amp;lt;/body&amp;gt;&amp;lt;/html&amp;gt;">
      <![CDATA[org.openqa.selenium.WebDriverException: Unable to parse remote response: <html><head><script src='/grid/resources/org/openqa/grid/images/jquery-3.1.1.min.js'></script><script src='/grid/resources/org/openqa/grid/images/consoleservlet.js'></script><link href='/grid/resources/org/openqa/grid/images/consoleservlet.css' rel='stylesheet' type='text/css' /><link href='/grid/resources/org/openqa/grid/images/favicon.ico' rel='icon' type='image/x-icon' /><title>Grid Console</title><style>.busy { opacity : 0.4;filter: alpha(opacity=40);}</style></head><body><div id='main-content'><div id='header'><h1><a href='/grid/console'>Selenium</a></h1><h2>Grid Console v.3.11.0</h2><div><a id='helplink' target='_blank' href='https://github.com/SeleniumHQ/selenium/wiki/Grid2'>Help</a></div></div><div id='left-column'><div class='proxy'><p class='proxyname'>DefaultRemoteProxy (version : 3.11.0)<p class='proxyid'>id : http://172.21.0.4:5555, OS : LINUX</p><div class='tabs'><ul><li class='tab' type='browsers'><a title='test slots' href='#'>Browsers</a></li><li class='tab' type='config'><a title='node configuration' href='#'>Configuration</a></li></ul></div><div class='content'><div type='browsers' class='content_detail'><p class='protocol' >WebDriver</p><p>v:59.0.1<img src='/grid/resources/org/openqa/grid/images/firefox.png' width='16' height='16' title='{server:CONFIG_UUID=fc645362-e9e4-480c-a2d3-1a010eee17fc, seleniumProtocol=WebDriver, browserName=firefox, maxInstances=1, moz:firefoxOptions={log={level=info}}, platformName=LINUX, version=59.0.1, applicationName=, platform=LINUX}' />
</p></div><div type='config' class='content_detail'><p>browserTimeout: 0</p><p>debug: false</p><p>jettyMaxThreads: -1</p><p>port: 5555</p><p>role: node</p><p>timeout: 1800</p><p>cleanUpCycle: 5000</p><p>host: 172.21.0.4</p><p>maxSession: 1</p><p>capabilities: Capabilities {applicationName: , browserName: firefox, maxInstances: 1, moz:firefoxOptions: {log: {level: info}}, platform: LINUX, platformName: LINUX, seleniumProtocol: WebDriver, server:CONFIG_UUID: fc645362-e9e4-480c-a2d3-1a0..., version: 59.0.1}</p><p>downPollingLimit: 2</p><p>hub: http://hub:4444/grid/register</p><p>id: http://172.21.0.4:5555</p><p>nodePolling: 5000</p><p>nodeStatusCheckTimeout: 5000</p><p>proxy: org.openqa.grid.selenium.proxy.DefaultRemoteProxy</p><p>register: true</p><p>registerCycle: 5000</p><p>remoteHost: http://172.21.0.4:5555</p><p>unregisterIfStillDownAfter: 60000</p></div></div></div></div><div id='right-column'><div class='proxy'><p class='proxyname'>DefaultRemoteProxy (version : 3.11.0)<p class='proxyid'>id : http://172.21.0.3:5555, OS : LINUX</p><div class='tabs'><ul><li class='tab' type='browsers'><a title='test slots' href='#'>Browsers</a></li><li class='tab' type='config'><a title='node configuration' href='#'>Configuration</a></li></ul></div><div class='content'><div type='browsers' class='content_detail'><p class='protocol' >WebDriver</p><p>v:65.0.3325.162<img src='/grid/resources/org/openqa/grid/images/chrome.png' width='16' height='16' title='{server:CONFIG_UUID=577f58d9-afbb-49a8-a033-9f9ee590b365, seleniumProtocol=WebDriver, browserName=chrome, maxInstances=1, platformName=LINUX, version=65.0.3325.162, applicationName=, platform=LINUX}' />
</p></div><div type='config' class='content_detail'><p>browserTimeout: 0</p><p>debug: false</p><p>jettyMaxThreads: -1</p><p>port: 5555</p><p>role: node</p><p>timeout: 1800</p><p>cleanUpCycle: 5000</p><p>host: 172.21.0.3</p><p>maxSession: 1</p><p>capabilities: Capabilities {applicationName: , browserName: chrome, maxInstances: 1, platform: LINUX, platformName: LINUX, seleniumProtocol: WebDriver, server:CONFIG_UUID: 577f58d9-afbb-49a8-a033-9f9..., version: 65.0.3325.162}</p><p>downPollingLimit: 2</p><p>hub: http://hub:4444/grid/register</p><p>id: http://172.21.0.3:5555</p><p>nodePolling: 5000</p><p>nodeStatusCheckTimeout: 5000</p><p>proxy: org.openqa.grid.selenium.proxy.DefaultRemoteProxy</p><p>register: true</p><p>registerCycle: 5000</p><p>remoteHost: http://172.21.0.3:5555</p><p>unregisterIfStillDownAfter: 60000</p></div></div></div></div><div class='clearfix'></div><div><ul></ul></div><a href='?config=true&configDebug=true'>view config</a></div></body></html>
at org.openqa.selenium.remote.ProtocolHandshake.createSession(ProtocolHandshake.java:115)
at org.openqa.selenium.remote.ProtocolHandshake.createSession(ProtocolHandshake.java:74)
at org.openqa.selenium.remote.HttpCommandExecutor.execute(HttpCommandExecutor.java:136)
at org.openqa.selenium.remote.RemoteWebDriver.execute(RemoteWebDriver.java:552)
at org.openqa.selenium.remote.RemoteWebDriver.startSession(RemoteWebDriver.java:213)
at org.openqa.selenium.remote.RemoteWebDriver.<init>(RemoteWebDriver.java:131)
at org.openqa.selenium.remote.RemoteWebDriver.<init>(RemoteWebDriver.java:144)
at docker.ChromeTest1.testCR1(ChromeTest1.java:18)
at sun.reflect.NativeMethodAccessorImpl.invoke0(Native Method)
at sun.reflect.NativeMethodAccessorImpl.invoke(NativeMethodAccessorImpl.java:62)
at sun.reflect.DelegatingMethodAccessorImpl.invoke(DelegatingMethodAccessorImpl.java:43)
at java.lang.reflect.Method.invoke(Method.java:498)
at org.testng.internal.MethodInvocationHelper.invokeMethod(MethodInvocationHelper.java:124)
at org.testng.internal.Invoker.invokeMethod(Invoker.java:583)
at org.testng.internal.Invoker.invokeTestMethod(Invoker.java:719)
at org.testng.internal.Invoker.invokeTestMethods(Invoker.java:989)
at org.testng.internal.TestMethodWorker.invokeTestMethods(TestMethodWorker.java:125)
at org.testng.internal.TestMethodWorker.run(TestMethodWorker.java:109)
at org.testng.TestRunner.privateRun(TestRunner.java:648)
at org.testng.TestRunner.run(TestRunner.java:505)
at org.testng.SuiteRunner.runTest(SuiteRunner.java:455)
at org.testng.SuiteRunner.runSequentially(SuiteRunner.java:450)
at org.testng.SuiteRunner.privateRun(SuiteRunner.java:415)
at org.testng.SuiteRunner.run(SuiteRunner.java:364)
at org.testng.SuiteRunnerWorker.runSuite(SuiteRunnerWorker.java:52)
at org.testng.SuiteRunnerWorker.run(SuiteRunnerWorker.java:84)
at org.testng.TestNG.runSuitesSequentially(TestNG.java:1208)
at org.testng.TestNG.runSuitesLocally(TestNG.java:1137)
at org.testng.TestNG.runSuites(TestNG.java:1049)
at org.testng.TestNG.run(TestNG.java:1017)
at org.testng.remote.AbstractRemoteTestNG.run(AbstractRemoteTestNG.java:115)
at org.testng.remote.RemoteTestNG.initAndRun(RemoteTestNG.java:251)
at org.testng.remote.RemoteTestNG.main(RemoteTestNG.java:77)
Caused by: org.openqa.selenium.json.JsonException: Unable to determine type from: <. Last 1 characters read: <
Build info: version: '3.141.59', revision: 'e82be7d358', time: '2018-11-14T08:17:03'
System info: host: 'DESKTOP-0MPBAPB', ip: '10.0.1.102', os.name: 'Windows 10', os.arch: 'amd64', os.version: '10.0', java.version: '1.8.0_231'
Driver info: driver.version: RemoteWebDriver
at org.openqa.selenium.json.JsonInput.peek(JsonInput.java:122)
at org.openqa.selenium.json.JsonTypeCoercer.lambda$null$6(JsonTypeCoercer.java:140)
at org.openqa.selenium.json.JsonTypeCoercer.coerce(JsonTypeCoercer.java:126)
at org.openqa.selenium.json.Json.toType(Json.java:69)
at org.openqa.selenium.json.Json.toType(Json.java:55)
at org.openqa.selenium.json.Json.toType(Json.java:50)
at org.openqa.selenium.remote.ProtocolHandshake.createSession(ProtocolHandshake.java:112)
... 32 more
]]>
    </failure>
  </testcase> <!-- testCR1 -->
</testsuite> <!-- Default test -->
